<?xml version="1.0" encoding="UTF-8"?>
<!-- Generated by org.testng.reporters.JUnitReportReporter -->
<testsuite skipped="0" hostname="IN2070121W2" name="com.ey.test3po.testcases.positivepagelevelcases.EducationPlannedInvPageTest" tests="7" failures="0" timestamp="26 Jul 2018 14:08:20 GMT" time="133.459" errors="0">
  <testcase name="getUserScreen" time="31.691" classname="com.ey.test3po.testcases.positivepagelevelcases.EducationPlannedInvPageTest"/>
  <testcase name="getGoalScreen" time="6.746" classname="com.ey.test3po.testcases.positivepagelevelcases.EducationPlannedInvPageTest"/>
  <testcase name="setGoalQuestionnaire" time="38.637" classname="com.ey.test3po.testcases.positivepagelevelcases.EducationPlannedInvPageTest"/>
  <testcase name="setGoalImportance" time="5.015" classname="com.ey.test3po.testcases.positivepagelevelcases.EducationPlannedInvPageTest"/>
  <testcase name="setPlannedMonthlyContribution" time="20.893" classname="com.ey.test3po.testcases.positivepagelevelcases.EducationPlannedInvPageTest"/>
  <testcase name="verifyScreenContent" time="2.525" classname="com.ey.test3po.testcases.positivepagelevelcases.EducationPlannedInvPageTest"/>
  <testcase name="setPlannedMonthlyinv" time="27.952" classname="com.ey.test3po.testcases.positivepagelevelcases.EducationPlannedInvPageTest"/>
</testsuite> <!-- com.ey.test3po.testcases.positivepagelevelcases.EducationPlannedInvPageTest -->
