<?xml version="1.0" encoding="UTF-8"?>
<!-- Generated by org.testng.reporters.JUnitReportReporter -->
<testsuite skipped="0" hostname="IN2070121W2" name="com.ey.test3po.pagelevel.OtherGoalsAnnualSpendingPageTest" tests="1" failures="0" timestamp="31 Jul 2018 07:33:07 GMT" time="199.403" errors="0">
  <testcase name="otherGoalsAnnualSpending" time="199.403" classname="com.ey.test3po.pagelevel.OtherGoalsAnnualSpendingPageTest"/>
</testsuite> <!-- com.ey.test3po.pagelevel.OtherGoalsAnnualSpendingPageTest -->
