<?xml version="1.0" encoding="UTF-8"?>
<!-- Generated by org.testng.reporters.JUnitReportReporter -->
<testsuite skipped="0" hostname="IN2070121W2" name="com.ey.test3po.testcases.positivepagelevelcases.RetirementGoalPlannedDelayInGoalPageTest" tests="8" failures="0" timestamp="27 Jul 2018 01:32:12 GMT" time="141.291" errors="0">
  <testcase name="getUserScreen" time="31.745" classname="com.ey.test3po.testcases.positivepagelevelcases.RetirementGoalPlannedDelayInGoalPageTest"/>
  <testcase name="getGoalScreen" time="5.262" classname="com.ey.test3po.testcases.positivepagelevelcases.RetirementGoalPlannedDelayInGoalPageTest"/>
  <testcase name="setGoalQuestionnaire" time="34.602" classname="com.ey.test3po.testcases.positivepagelevelcases.RetirementGoalPlannedDelayInGoalPageTest"/>
  <testcase name="setGoalImportance" time="4.838" classname="com.ey.test3po.testcases.positivepagelevelcases.RetirementGoalPlannedDelayInGoalPageTest"/>
  <testcase name="setPlannedMonthlyContribution" time="21.936" classname="com.ey.test3po.testcases.positivepagelevelcases.RetirementGoalPlannedDelayInGoalPageTest"/>
  <testcase name="setPlannedMonthlyinv" time="30.135" classname="com.ey.test3po.testcases.positivepagelevelcases.RetirementGoalPlannedDelayInGoalPageTest"/>
  <testcase name="verifyScreenContent" time="2.856" classname="com.ey.test3po.testcases.positivepagelevelcases.RetirementGoalPlannedDelayInGoalPageTest"/>
  <testcase name="setDelayInGoal" time="9.917" classname="com.ey.test3po.testcases.positivepagelevelcases.RetirementGoalPlannedDelayInGoalPageTest"/>
</testsuite> <!-- com.ey.test3po.testcases.positivepagelevelcases.RetirementGoalPlannedDelayInGoalPageTest -->
