<?xml version="1.0" encoding="UTF-8"?>
<!-- Generated by org.testng.reporters.JUnitReportReporter -->
<testsuite skipped="0" hostname="IN2070121W2" name="com.ey.test3po.userjourney.EducationGoalUserSignUpJourneyMoreThan55Test" tests="5" failures="0" timestamp="22 Aug 2018 06:38:06 GMT" time="1652.283" errors="0">
  <testcase name="educationGoalMoreThan55" time="229.572" classname="com.ey.test3po.userjourney.EducationGoalUserSignUpJourneyMoreThan55Test"/>
  <testcase name="educationGoalMoreThan55" time="268.570" classname="com.ey.test3po.userjourney.EducationGoalUserSignUpJourneyMoreThan55Test"/>
  <testcase name="educationGoalMoreThan55" time="342.588" classname="com.ey.test3po.userjourney.EducationGoalUserSignUpJourneyMoreThan55Test"/>
  <testcase name="educationGoalMoreThan55" time="384.617" classname="com.ey.test3po.userjourney.EducationGoalUserSignUpJourneyMoreThan55Test"/>
  <testcase name="educationGoalMoreThan55" time="426.936" classname="com.ey.test3po.userjourney.EducationGoalUserSignUpJourneyMoreThan55Test"/>
</testsuite> <!-- com.ey.test3po.userjourney.EducationGoalUserSignUpJourneyMoreThan55Test -->
