<?xml version="1.0" encoding="UTF-8"?>
<!-- Generated by org.testng.reporters.JUnitReportReporter -->
<testsuite skipped="0" hostname="IN2070121W2" name="com.ey.test3po.testcases.positivepagelevelcases.OtherGoalsActivityQuestionnairePageTest" tests="1" failures="0" timestamp="28 Jul 2018 09:17:03 GMT" time="59.873" errors="0">
  <testcase name="getUserScreen" time="59.873" classname="com.ey.test3po.testcases.positivepagelevelcases.OtherGoalsActivityQuestionnairePageTest"/>
</testsuite> <!-- com.ey.test3po.testcases.positivepagelevelcases.OtherGoalsActivityQuestionnairePageTest -->
