<?xml version="1.0" encoding="UTF-8"?>
<!-- Generated by org.testng.reporters.JUnitReportReporter -->
<testsuite skipped="0" hostname="IN2070121W2" name="com.ey.test3po.testcases.negativepagelevelcases.PlannedInvPageNegativeTest" tests="6" failures="0" timestamp="27 Jul 2018 02:26:28 GMT" time="93.989" errors="0">
  <testcase name="getUserScreen" time="31.253" classname="com.ey.test3po.testcases.negativepagelevelcases.PlannedInvPageNegativeTest"/>
  <testcase name="getGoalScreen" time="5.200" classname="com.ey.test3po.testcases.negativepagelevelcases.PlannedInvPageNegativeTest"/>
  <testcase name="setGoalQuestionnaire" time="26.538" classname="com.ey.test3po.testcases.negativepagelevelcases.PlannedInvPageNegativeTest"/>
  <testcase name="setGoalImportance" time="4.961" classname="com.ey.test3po.testcases.negativepagelevelcases.PlannedInvPageNegativeTest"/>
  <testcase name="setPlannedMonthlyContribution" time="21.249" classname="com.ey.test3po.testcases.negativepagelevelcases.PlannedInvPageNegativeTest"/>
  <testcase name="verifyPageLevelErrorMsg" time="4.788" classname="com.ey.test3po.testcases.negativepagelevelcases.PlannedInvPageNegativeTest"/>
</testsuite> <!-- com.ey.test3po.testcases.negativepagelevelcases.PlannedInvPageNegativeTest -->
