<?xml version="1.0" encoding="UTF-8"?>
<!-- Generated by org.testng.reporters.JUnitReportReporter -->
<testsuite skipped="0" hostname="IN2070121W2" name="com.ey.test3po.pagelevel.RetirementGoalAnnualSpendingPageTest" tests="1" failures="0" timestamp="31 Jul 2018 09:05:48 GMT" time="192.449" errors="0">
  <testcase name="retirementGoalAnnualSpending" time="192.449" classname="com.ey.test3po.pagelevel.RetirementGoalAnnualSpendingPageTest"/>
</testsuite> <!-- com.ey.test3po.pagelevel.RetirementGoalAnnualSpendingPageTest -->
