<?xml version="1.0" encoding="UTF-8"?>
<!-- Generated by org.testng.reporters.JUnitReportReporter -->
<testsuite skipped="0" hostname="IN2070121W2" name="com.ey.test3po.testcases.positivepagelevelcases.SignUpPageTest" tests="10" failures="0" timestamp="26 Jul 2018 11:33:47 GMT" time="165.086" errors="0">
  <testcase name="getUserScreen" time="30.236" classname="com.ey.test3po.testcases.positivepagelevelcases.SignUpPageTest"/>
  <testcase name="getGoalScreen" time="1.640" classname="com.ey.test3po.testcases.positivepagelevelcases.SignUpPageTest"/>
  <testcase name="setGoalQuestionnaire" time="26.005" classname="com.ey.test3po.testcases.positivepagelevelcases.SignUpPageTest"/>
  <testcase name="setGoalImportance" time="4.580" classname="com.ey.test3po.testcases.positivepagelevelcases.SignUpPageTest"/>
  <testcase name="setPlannedMonthlyContribution" time="22.274" classname="com.ey.test3po.testcases.positivepagelevelcases.SignUpPageTest"/>
  <testcase name="setPlannedMonthlyinv" time="30.394" classname="com.ey.test3po.testcases.positivepagelevelcases.SignUpPageTest"/>
  <testcase name="setDelayInGoal" time="19.471" classname="com.ey.test3po.testcases.positivepagelevelcases.SignUpPageTest"/>
  <testcase name="signUpTest" time="1.207" classname="com.ey.test3po.testcases.positivepagelevelcases.SignUpPageTest"/>
  <testcase name="verifyScreenContent" time="3.008" classname="com.ey.test3po.testcases.positivepagelevelcases.SignUpPageTest"/>
  <testcase name="setDetailsForSignup" time="26.271" classname="com.ey.test3po.testcases.positivepagelevelcases.SignUpPageTest"/>
</testsuite> <!-- com.ey.test3po.testcases.positivepagelevelcases.SignUpPageTest -->
