<?xml version="1.0" encoding="UTF-8"?>
<!-- Generated by org.testng.reporters.JUnitReportReporter -->
<testsuite skipped="0" hostname="IN2070121W2" name="com.ey.test3po.testcases.pagelevel.GoalActivityPageTest" tests="3" failures="0" timestamp="19 Jul 2018 06:20:23 GMT" time="69.580" errors="0">
  <testcase name="getUserScreen" time="40.465" classname="com.ey.test3po.testcases.pagelevel.GoalActivityPageTest"/>
  <testcase name="getGoalScreen" time="1.916" classname="com.ey.test3po.testcases.pagelevel.GoalActivityPageTest"/>
  <testcase name="setGoalQuestionnaire" time="27.199" classname="com.ey.test3po.testcases.pagelevel.GoalActivityPageTest"/>
</testsuite> <!-- com.ey.test3po.testcases.pagelevel.GoalActivityPageTest -->
