<?xml version="1.0" encoding="UTF-8"?>
<!-- Generated by org.testng.reporters.JUnitReportReporter -->
<testsuite skipped="0" hostname="IN2070121W2" name="com.ey.test3po.userjourney.RetirementGoalUserSignUpJourneyLessThan55Test" tests="18" failures="0" timestamp="21 Aug 2018 14:06:39 GMT" time="6997.187" errors="0">
  <testcase name="retirementGoalLessThan55" time="481.229" classname="com.ey.test3po.userjourney.RetirementGoalUserSignUpJourneyLessThan55Test"/>
  <testcase name="retirementGoalLessThan55" time="218.270" classname="com.ey.test3po.userjourney.RetirementGoalUserSignUpJourneyLessThan55Test"/>
  <testcase name="retirementGoalLessThan55" time="258.240" classname="com.ey.test3po.userjourney.RetirementGoalUserSignUpJourneyLessThan55Test"/>
  <testcase name="retirementGoalLessThan55" time="2326.786" classname="com.ey.test3po.userjourney.RetirementGoalUserSignUpJourneyLessThan55Test"/>
  <testcase name="retirementGoalLessThan55" time="269.970" classname="com.ey.test3po.userjourney.RetirementGoalUserSignUpJourneyLessThan55Test"/>
  <testcase name="retirementGoalLessThan55" time="231.958" classname="com.ey.test3po.userjourney.RetirementGoalUserSignUpJourneyLessThan55Test"/>
  <testcase name="retirementGoalLessThan55" time="402.084" classname="com.ey.test3po.userjourney.RetirementGoalUserSignUpJourneyLessThan55Test"/>
  <testcase name="retirementGoalLessThan55" time="222.049" classname="com.ey.test3po.userjourney.RetirementGoalUserSignUpJourneyLessThan55Test"/>
  <testcase name="retirementGoalLessThan55" time="214.676" classname="com.ey.test3po.userjourney.RetirementGoalUserSignUpJourneyLessThan55Test"/>
  <testcase name="retirementGoalLessThan55" time="263.389" classname="com.ey.test3po.userjourney.RetirementGoalUserSignUpJourneyLessThan55Test"/>
  <testcase name="retirementGoalLessThan55" time="212.599" classname="com.ey.test3po.userjourney.RetirementGoalUserSignUpJourneyLessThan55Test"/>
  <testcase name="retirementGoalLessThan55" time="195.637" classname="com.ey.test3po.userjourney.RetirementGoalUserSignUpJourneyLessThan55Test"/>
  <testcase name="retirementGoalLessThan55" time="502.986" classname="com.ey.test3po.userjourney.RetirementGoalUserSignUpJourneyLessThan55Test"/>
  <testcase name="retirementGoalLessThan55" time="267.656" classname="com.ey.test3po.userjourney.RetirementGoalUserSignUpJourneyLessThan55Test"/>
  <testcase name="retirementGoalLessThan55" time="216.172" classname="com.ey.test3po.userjourney.RetirementGoalUserSignUpJourneyLessThan55Test"/>
  <testcase name="retirementGoalLessThan55" time="207.583" classname="com.ey.test3po.userjourney.RetirementGoalUserSignUpJourneyLessThan55Test"/>
  <testcase name="retirementGoalLessThan55" time="211.466" classname="com.ey.test3po.userjourney.RetirementGoalUserSignUpJourneyLessThan55Test"/>
  <testcase name="retirementGoalLessThan55" time="294.437" classname="com.ey.test3po.userjourney.RetirementGoalUserSignUpJourneyLessThan55Test"/>
</testsuite> <!-- com.ey.test3po.userjourney.RetirementGoalUserSignUpJourneyLessThan55Test -->
