<?xml version="1.0" encoding="UTF-8"?>
<!-- Generated by org.testng.reporters.JUnitReportReporter -->
<testsuite skipped="0" hostname="IN2070121W2" name="com.ey.test3po.testcases.pagelevel.LandingPageTest" tests="1" failures="0" timestamp="18 Jul 2018 13:13:10 GMT" time="0.321" errors="0">
  <testcase name="landingPageLogoTest" time="0.321" classname="com.ey.test3po.testcases.pagelevel.LandingPageTest"/>
</testsuite> <!-- com.ey.test3po.testcases.pagelevel.LandingPageTest -->
