<?xml version="1.0" encoding="UTF-8"?>
<!-- Generated by org.testng.reporters.JUnitReportReporter -->
<testsuite skipped="0" hostname="IN2070121W2" name="com.ey.test3po.testcases.modules.LargePurchaseUserSignUpJourneyLessThan55Test" tests="9" failures="0" timestamp="27 Jul 2018 02:02:47 GMT" time="155.921" errors="0">
  <testcase name="getUserScreen" time="31.757" classname="com.ey.test3po.testcases.modules.LargePurchaseUserSignUpJourneyLessThan55Test"/>
  <testcase name="getGoalScreen" time="5.066" classname="com.ey.test3po.testcases.modules.LargePurchaseUserSignUpJourneyLessThan55Test"/>
  <testcase name="setGoalQuestionnaire" time="25.869" classname="com.ey.test3po.testcases.modules.LargePurchaseUserSignUpJourneyLessThan55Test"/>
  <testcase name="setGoalImportance" time="4.784" classname="com.ey.test3po.testcases.modules.LargePurchaseUserSignUpJourneyLessThan55Test"/>
  <testcase name="setPlannedMonthlyContribution" time="22.547" classname="com.ey.test3po.testcases.modules.LargePurchaseUserSignUpJourneyLessThan55Test"/>
  <testcase name="setPlannedMonthlyinv" time="30.522" classname="com.ey.test3po.testcases.modules.LargePurchaseUserSignUpJourneyLessThan55Test"/>
  <testcase name="setDelayInGoal" time="9.913" classname="com.ey.test3po.testcases.modules.LargePurchaseUserSignUpJourneyLessThan55Test"/>
  <testcase name="signUpTest" time="2.280" classname="com.ey.test3po.testcases.modules.LargePurchaseUserSignUpJourneyLessThan55Test"/>
  <testcase name="setDetailsForSignup" time="23.183" classname="com.ey.test3po.testcases.modules.LargePurchaseUserSignUpJourneyLessThan55Test"/>
</testsuite> <!-- com.ey.test3po.testcases.modules.LargePurchaseUserSignUpJourneyLessThan55Test -->
