<?xml version="1.0" encoding="UTF-8"?>
<!-- Generated by org.testng.reporters.JUnitReportReporter -->
<testsuite skipped="0" hostname="IN2070121W2" name="com.ey.test3po.userjourney.RetirementGoalUserSignUpJourneyMoreThan55Test" tests="2" failures="0" timestamp="08 Sep 2018 14:12:20 GMT" time="613.676" errors="0">
  <testcase name="retirementGoalMoreThan55" time="269.871" classname="com.ey.test3po.userjourney.RetirementGoalUserSignUpJourneyMoreThan55Test"/>
  <testcase name="retirementGoalMoreThan55" time="343.805" classname="com.ey.test3po.userjourney.RetirementGoalUserSignUpJourneyMoreThan55Test"/>
</testsuite> <!-- com.ey.test3po.userjourney.RetirementGoalUserSignUpJourneyMoreThan55Test -->
