<?xml version="1.0" encoding="UTF-8"?>
<!-- Generated by org.testng.reporters.JUnitReportReporter -->
<testsuite skipped="0" hostname="IN2070121W2" name="com.ey.test3po.testcases.negativepagelevelcases.InvSuggestionsPageNegativeTest" tests="5" failures="0" timestamp="27 Jul 2018 04:25:07 GMT" time="80.255" errors="0">
  <testcase name="getUserScreen" time="32.239" classname="com.ey.test3po.testcases.negativepagelevelcases.InvSuggestionsPageNegativeTest"/>
  <testcase name="getGoalScreen" time="5.201" classname="com.ey.test3po.testcases.negativepagelevelcases.InvSuggestionsPageNegativeTest"/>
  <testcase name="setGoalQuestionnaire" time="25.834" classname="com.ey.test3po.testcases.negativepagelevelcases.InvSuggestionsPageNegativeTest"/>
  <testcase name="setGoalImportance" time="4.941" classname="com.ey.test3po.testcases.negativepagelevelcases.InvSuggestionsPageNegativeTest"/>
  <testcase name="verifyPageLevelErrorMsg" time="12.040" classname="com.ey.test3po.testcases.negativepagelevelcases.InvSuggestionsPageNegativeTest"/>
</testsuite> <!-- com.ey.test3po.testcases.negativepagelevelcases.InvSuggestionsPageNegativeTest -->
