<?xml version="1.0" encoding="UTF-8"?>
<!-- Generated by org.testng.reporters.JUnitReportReporter -->
<testsuite skipped="0" hostname="IN2070121W2" name="com.ey.test3po.testcases.positivepagelevelcases.GoalSelectionPageTest" tests="1" failures="0" timestamp="28 Jul 2018 09:10:49 GMT" time="39.112" errors="0">
  <testcase name="setUserProfileQuestionnaire" time="39.112" classname="com.ey.test3po.testcases.positivepagelevelcases.GoalSelectionPageTest"/>
</testsuite> <!-- com.ey.test3po.testcases.positivepagelevelcases.GoalSelectionPageTest -->
