<?xml version="1.0" encoding="UTF-8"?>
<!-- Generated by org.testng.reporters.JUnitReportReporter -->
<testsuite skipped="0" hostname="IN2070121W2" name="com.ey.test3po.testcases.positivepagelevelcases.RetirementGoalInvSuggestionsPageTest" tests="6" failures="0" timestamp="27 Jul 2018 01:21:13 GMT" time="104.263" errors="0">
  <testcase name="getUserScreen" time="31.679" classname="com.ey.test3po.testcases.positivepagelevelcases.RetirementGoalInvSuggestionsPageTest"/>
  <testcase name="getGoalScreen" time="5.323" classname="com.ey.test3po.testcases.positivepagelevelcases.RetirementGoalInvSuggestionsPageTest"/>
  <testcase name="setGoalQuestionnaire" time="37.295" classname="com.ey.test3po.testcases.positivepagelevelcases.RetirementGoalInvSuggestionsPageTest"/>
  <testcase name="setGoalImportance" time="5.002" classname="com.ey.test3po.testcases.positivepagelevelcases.RetirementGoalInvSuggestionsPageTest"/>
  <testcase name="verifyScreenContent" time="10.091" classname="com.ey.test3po.testcases.positivepagelevelcases.RetirementGoalInvSuggestionsPageTest"/>
  <testcase name="setPlannedMonthlyContribution" time="14.873" classname="com.ey.test3po.testcases.positivepagelevelcases.RetirementGoalInvSuggestionsPageTest"/>
</testsuite> <!-- com.ey.test3po.testcases.positivepagelevelcases.RetirementGoalInvSuggestionsPageTest -->
