<?xml version="1.0" encoding="UTF-8"?>
<!-- Generated by org.testng.reporters.JUnitReportReporter -->
<testsuite skipped="0" hostname="IN2070121W2" name="com.ey.test3po.testcases.positivepagelevelcases.LargePurchasePlannedInvPageTest" tests="7" failures="0" timestamp="27 Jul 2018 00:11:33 GMT" time="120.642" errors="0">
  <testcase name="getUserScreen" time="32.393" classname="com.ey.test3po.testcases.positivepagelevelcases.LargePurchasePlannedInvPageTest"/>
  <testcase name="getGoalScreen" time="4.982" classname="com.ey.test3po.testcases.positivepagelevelcases.LargePurchasePlannedInvPageTest"/>
  <testcase name="setGoalQuestionnaire" time="25.297" classname="com.ey.test3po.testcases.positivepagelevelcases.LargePurchasePlannedInvPageTest"/>
  <testcase name="setGoalImportance" time="5.041" classname="com.ey.test3po.testcases.positivepagelevelcases.LargePurchasePlannedInvPageTest"/>
  <testcase name="setPlannedMonthlyContribution" time="20.866" classname="com.ey.test3po.testcases.positivepagelevelcases.LargePurchasePlannedInvPageTest"/>
  <testcase name="verifyScreenContent" time="2.464" classname="com.ey.test3po.testcases.positivepagelevelcases.LargePurchasePlannedInvPageTest"/>
  <testcase name="setPlannedMonthlyinv" time="29.599" classname="com.ey.test3po.testcases.positivepagelevelcases.LargePurchasePlannedInvPageTest"/>
</testsuite> <!-- com.ey.test3po.testcases.positivepagelevelcases.LargePurchasePlannedInvPageTest -->
