<?xml version="1.0" encoding="UTF-8"?>
<!-- Generated by org.testng.reporters.JUnitReportReporter -->
<testsuite skipped="0" hostname="IN2070121W2" name="com.ey.test3po.pagelevel.LargePurchaseGoalAnnualSpendingPageTest" tests="1" failures="0" timestamp="02 Aug 2018 10:20:09 GMT" time="181.099" errors="0">
  <testcase name="largePurchaseGoalAnnualSpending" time="181.099" classname="com.ey.test3po.pagelevel.LargePurchaseGoalAnnualSpendingPageTest"/>
</testsuite> <!-- com.ey.test3po.pagelevel.LargePurchaseGoalAnnualSpendingPageTest -->
