<?xml version="1.0" encoding="UTF-8"?>
<!-- Generated by org.testng.reporters.JUnitReportReporter -->
<testsuite skipped="0" hostname="IN2070121W2" name="com.ey.test3po.testcases.negativepagelevelcases.EducationGoalActivityQuestionnairePageNegativeTest" tests="4" failures="0" timestamp="27 Jul 2018 04:34:57 GMT" time="129.628" errors="0">
  <testcase name="getUserScreen" time="31.837" classname="com.ey.test3po.testcases.negativepagelevelcases.EducationGoalActivityQuestionnairePageNegativeTest"/>
  <testcase name="getGoalScreen" time="6.624" classname="com.ey.test3po.testcases.negativepagelevelcases.EducationGoalActivityQuestionnairePageNegativeTest"/>
  <testcase name="verifyPageLevelErrorMsg" time="7.737" classname="com.ey.test3po.testcases.negativepagelevelcases.EducationGoalActivityQuestionnairePageNegativeTest"/>
  <testcase name="verifyFieldLevelErrorMsg" time="83.430" classname="com.ey.test3po.testcases.negativepagelevelcases.EducationGoalActivityQuestionnairePageNegativeTest"/>
</testsuite> <!-- com.ey.test3po.testcases.negativepagelevelcases.EducationGoalActivityQuestionnairePageNegativeTest -->
