<?xml version="1.0" encoding="UTF-8"?>
<!-- Generated by org.testng.reporters.JUnitReportReporter -->
<testsuite skipped="0" hostname="IN2070121W2" name="com.ey.test3po.pagelevel.EducationGoalAnnualSpendingPageTest" tests="1" failures="0" timestamp="31 Jul 2018 06:32:11 GMT" time="170.044" errors="0">
  <testcase name="educationGoalAnnualSpending" time="170.044" classname="com.ey.test3po.pagelevel.EducationGoalAnnualSpendingPageTest"/>
</testsuite> <!-- com.ey.test3po.pagelevel.EducationGoalAnnualSpendingPageTest -->
