<?xml version="1.0" encoding="UTF-8"?>
<!-- Generated by org.testng.reporters.JUnitReportReporter -->
<testsuite skipped="0" hostname="IN2070121W2" name="com.ey.test3po.pagelevel.LargePurchaseGoalActivityQuestionnairePageTest" tests="1" failures="0" timestamp="01 Aug 2018 10:57:36 GMT" time="90.506" errors="0">
  <testcase name="largePurchaseGoalActivityQuestionnaire" time="90.506" classname="com.ey.test3po.pagelevel.LargePurchaseGoalActivityQuestionnairePageTest"/>
</testsuite> <!-- com.ey.test3po.pagelevel.LargePurchaseGoalActivityQuestionnairePageTest -->
