<?xml version="1.0" encoding="UTF-8"?>
<!-- Generated by org.testng.reporters.JUnitReportReporter -->
<testsuite skipped="0" hostname="IN2070121W2" name="com.ey.test3po.pagelevel.EmergencyFundGoalActivityQuestionnairePageTest" tests="1" failures="0" timestamp="31 Jul 2018 06:34:31 GMT" time="98.849" errors="0">
  <testcase name="emergencyFundGoalActivityQuestionnaire" time="98.849" classname="com.ey.test3po.pagelevel.EmergencyFundGoalActivityQuestionnairePageTest"/>
</testsuite> <!-- com.ey.test3po.pagelevel.EmergencyFundGoalActivityQuestionnairePageTest -->
