<?xml version="1.0" encoding="UTF-8"?>
<!-- Generated by org.testng.reporters.JUnitReportReporter -->
<testsuite skipped="0" hostname="IN2070121W2" name="com.ey.test3po.testcases.pagelevel.RetirementGoalActivityQuestionnairePageTest" tests="4" failures="0" timestamp="21 Jul 2018 11:34:38 GMT" time="82.107" errors="0">
  <testcase name="getUserScreen" time="30.666" classname="com.ey.test3po.testcases.pagelevel.RetirementGoalActivityQuestionnairePageTest"/>
  <testcase name="getGoalScreen" time="3.093" classname="com.ey.test3po.testcases.pagelevel.RetirementGoalActivityQuestionnairePageTest"/>
  <testcase name="verifyScreenContent" time="2.973" classname="com.ey.test3po.testcases.pagelevel.RetirementGoalActivityQuestionnairePageTest"/>
  <testcase name="setGoalQuestionnaire" time="45.375" classname="com.ey.test3po.testcases.pagelevel.RetirementGoalActivityQuestionnairePageTest"/>
</testsuite> <!-- com.ey.test3po.testcases.pagelevel.RetirementGoalActivityQuestionnairePageTest -->
