<?xml version="1.0" encoding="UTF-8"?>
<!-- Generated by org.testng.reporters.JUnitReportReporter -->
<testsuite skipped="0" hostname="IN2070121W2" name="com.ey.test3po.testcases.negativepagelevelcases.GoalImportancePageNegativeTest" tests="4" failures="0" timestamp="27 Jul 2018 04:30:07 GMT" time="68.908" errors="0">
  <testcase name="getUserScreen" time="32.499" classname="com.ey.test3po.testcases.negativepagelevelcases.GoalImportancePageNegativeTest"/>
  <testcase name="getGoalScreen" time="5.205" classname="com.ey.test3po.testcases.negativepagelevelcases.GoalImportancePageNegativeTest"/>
  <testcase name="setGoalQuestionnaire" time="25.145" classname="com.ey.test3po.testcases.negativepagelevelcases.GoalImportancePageNegativeTest"/>
  <testcase name="verifyPageLevelErrorMsg" time="6.059" classname="com.ey.test3po.testcases.negativepagelevelcases.GoalImportancePageNegativeTest"/>
</testsuite> <!-- com.ey.test3po.testcases.negativepagelevelcases.GoalImportancePageNegativeTest -->
