<?xml version="1.0" encoding="UTF-8"?>
<!-- Generated by org.testng.reporters.JUnitReportReporter -->
<testsuite skipped="0" hostname="IN2070121W2" name="com.ey.test3po.testcases.negativepagelevelcases.RetirementGoalActivityQuestionnairePageNegativeTest" tests="4" failures="0" timestamp="27 Jul 2018 02:22:43 GMT" time="92.654" errors="0">
  <testcase name="getUserScreen" time="31.147" classname="com.ey.test3po.testcases.negativepagelevelcases.RetirementGoalActivityQuestionnairePageNegativeTest"/>
  <testcase name="getGoalScreen" time="5.328" classname="com.ey.test3po.testcases.negativepagelevelcases.RetirementGoalActivityQuestionnairePageNegativeTest"/>
  <testcase name="verifyPageLevelErrorMsg" time="5.416" classname="com.ey.test3po.testcases.negativepagelevelcases.RetirementGoalActivityQuestionnairePageNegativeTest"/>
  <testcase name="verifyFieldLevelErrorMsg" time="50.763" classname="com.ey.test3po.testcases.negativepagelevelcases.RetirementGoalActivityQuestionnairePageNegativeTest"/>
</testsuite> <!-- com.ey.test3po.testcases.negativepagelevelcases.RetirementGoalActivityQuestionnairePageNegativeTest -->
