<?xml version="1.0" encoding="UTF-8"?>
<!-- Generated by org.testng.reporters.JUnitReportReporter -->
<testsuite skipped="0" hostname="IN2070121W2" name="com.ey.test3po.pagelevellessthan55.WelcomePageTest" tests="1" failures="0" timestamp="26 Sep 2018 07:26:21 GMT" time="66.095" errors="0">
  <testcase name="welcomeSectionTest" time="66.095" classname="com.ey.test3po.pagelevellessthan55.WelcomePageTest"/>
</testsuite> <!-- com.ey.test3po.pagelevellessthan55.WelcomePageTest -->
