<?xml version="1.0" encoding="UTF-8"?>
<!-- Generated by org.testng.reporters.JUnitReportReporter -->
<testsuite skipped="0" hostname="IN2070121W2" name="com.ey.test3po.pagelevel.EmergencyFundAnnualSpendingPageTest" tests="1" failures="0" timestamp="31 Jul 2018 06:46:37 GMT" time="157.474" errors="0">
  <testcase name="emergencyFundAnnualSpending" time="157.474" classname="com.ey.test3po.pagelevel.EmergencyFundAnnualSpendingPageTest"/>
</testsuite> <!-- com.ey.test3po.pagelevel.EmergencyFundAnnualSpendingPageTest -->
