<?xml version="1.0" encoding="UTF-8"?>
<!-- Generated by org.testng.reporters.JUnitReportReporter -->
<testsuite skipped="3" hostname="IN2070121W2" name="com.ey.test3po.testcases.pagelevel.GoalImportancePageTest" tests="5" failures="0" timestamp="20 Jul 2018 14:03:12 GMT" time="43.941" errors="0">
  <testcase name="getUserScreen" time="41.448" classname="com.ey.test3po.testcases.pagelevel.GoalImportancePageTest"/>
  <testcase name="getGoalScreen" time="2.493" classname="com.ey.test3po.testcases.pagelevel.GoalImportancePageTest"/>
  <testcase name="setGoalQuestionnaire" time="0.000" classname="com.ey.test3po.testcases.pagelevel.GoalImportancePageTest">
    <skipped/>
  </testcase> <!-- setGoalQuestionnaire -->
  <testcase name="verifyScreenContent" time="0.000" classname="com.ey.test3po.testcases.pagelevel.GoalImportancePageTest">
    <skipped/>
  </testcase> <!-- verifyScreenContent -->
  <testcase name="setGoalImportance" time="0.000" classname="com.ey.test3po.testcases.pagelevel.GoalImportancePageTest">
    <skipped/>
  </testcase> <!-- setGoalImportance -->
</testsuite> <!-- com.ey.test3po.testcases.pagelevel.GoalImportancePageTest -->
