<?xml version="1.0" encoding="UTF-8"?>
<!-- Generated by org.testng.reporters.JUnitReportReporter -->
<testsuite skipped="0" hostname="IN2070121W2" name="com.ey.test3po.testcases.positivepagelevelcases.LargePurchaseGoalAnnualSpendingPageTest" tests="9" failures="0" timestamp="27 Jul 2018 00:21:19 GMT" time="141.363" errors="0">
  <testcase name="getUserScreen" time="31.518" classname="com.ey.test3po.testcases.positivepagelevelcases.LargePurchaseGoalAnnualSpendingPageTest"/>
  <testcase name="getGoalScreen" time="5.269" classname="com.ey.test3po.testcases.positivepagelevelcases.LargePurchaseGoalAnnualSpendingPageTest"/>
  <testcase name="setGoalQuestionnaire" time="25.189" classname="com.ey.test3po.testcases.positivepagelevelcases.LargePurchaseGoalAnnualSpendingPageTest"/>
  <testcase name="setGoalImportance" time="4.957" classname="com.ey.test3po.testcases.positivepagelevelcases.LargePurchaseGoalAnnualSpendingPageTest"/>
  <testcase name="setPlannedMonthlyContribution" time="20.816" classname="com.ey.test3po.testcases.positivepagelevelcases.LargePurchaseGoalAnnualSpendingPageTest"/>
  <testcase name="setPlannedMonthlyinv" time="29.706" classname="com.ey.test3po.testcases.positivepagelevelcases.LargePurchaseGoalAnnualSpendingPageTest"/>
  <testcase name="setDelayInGoal" time="19.512" classname="com.ey.test3po.testcases.positivepagelevelcases.LargePurchaseGoalAnnualSpendingPageTest"/>
  <testcase name="verifyScreenContent" time="3.286" classname="com.ey.test3po.testcases.positivepagelevelcases.LargePurchaseGoalAnnualSpendingPageTest"/>
  <testcase name="signUpTest" time="1.110" classname="com.ey.test3po.testcases.positivepagelevelcases.LargePurchaseGoalAnnualSpendingPageTest"/>
</testsuite> <!-- com.ey.test3po.testcases.positivepagelevelcases.LargePurchaseGoalAnnualSpendingPageTest -->
