<?xml version="1.0" encoding="UTF-8"?>
<!-- Generated by org.testng.reporters.JUnitReportReporter -->
<testsuite skipped="0" hostname="IN2070121W2" name="com.ey.test3po.userjourney.EmergencyUserSignUpJourneyTest" tests="4" failures="0" timestamp="22 Aug 2018 05:47:35 GMT" time="594.173" errors="0">
  <testcase name="emergencyGoalUserJourney" time="140.332" classname="com.ey.test3po.userjourney.EmergencyUserSignUpJourneyTest"/>
  <testcase name="emergencyGoalUserJourney" time="137.417" classname="com.ey.test3po.userjourney.EmergencyUserSignUpJourneyTest"/>
  <testcase name="emergencyGoalUserJourney" time="138.267" classname="com.ey.test3po.userjourney.EmergencyUserSignUpJourneyTest"/>
  <testcase name="emergencyGoalUserJourney" time="178.157" classname="com.ey.test3po.userjourney.EmergencyUserSignUpJourneyTest"/>
</testsuite> <!-- com.ey.test3po.userjourney.EmergencyUserSignUpJourneyTest -->
