<?xml version="1.0" encoding="UTF-8"?>
<!-- Generated by org.testng.reporters.JUnitReportReporter -->
<testsuite skipped="0" hostname="IN2070121W2" name="com.ey.test3po.pagelevel.EducationGoalImportancePageTest" tests="1" failures="0" timestamp="31 Jul 2018 05:49:23 GMT" time="134.142" errors="0">
  <testcase name="educationGoalImportance" time="134.142" classname="com.ey.test3po.pagelevel.EducationGoalImportancePageTest"/>
</testsuite> <!-- com.ey.test3po.pagelevel.EducationGoalImportancePageTest -->
