<?xml version="1.0" encoding="UTF-8"?>
<!-- Generated by org.testng.reporters.JUnitReportReporter -->
<testsuite skipped="0" hostname="IN2070121W2" name="com.ey.test3po.testcases.positivepagelevelcases.RetirementGoalActivityQuestionnairePageTest" tests="1" failures="0" timestamp="28 Jul 2018 09:20:23 GMT" time="75.879" errors="0">
  <testcase name="getUserScreen" time="75.879" classname="com.ey.test3po.testcases.positivepagelevelcases.RetirementGoalActivityQuestionnairePageTest"/>
</testsuite> <!-- com.ey.test3po.testcases.positivepagelevelcases.RetirementGoalActivityQuestionnairePageTest -->
