<?xml version="1.0" encoding="UTF-8"?>
<!-- Generated by org.testng.reporters.JUnitReportReporter -->
<testsuite skipped="0" hostname="IN2070121W2" name="com.ey.test3po.pagelevel.SplashPageTest" tests="1" failures="0" timestamp="15 Aug 2018 06:58:03 GMT" time="26.305" errors="0">
  <testcase name="splashPageT" time="26.305" classname="com.ey.test3po.pagelevel.SplashPageTest"/>
</testsuite> <!-- com.ey.test3po.pagelevel.SplashPageTest -->
