<?xml version="1.0" encoding="UTF-8"?>
<!-- Generated by org.testng.reporters.JUnitReportReporter -->
<testsuite skipped="0" hostname="IN2070121W2" name="com.ey.test3po.testcases.negativepagelevelcases.EducationGoalImportancePageNegativeTest" tests="4" failures="0" timestamp="23 Jul 2018 12:09:36 GMT" time="84.424" errors="0">
  <testcase name="getUserScreen" time="29.696" classname="com.ey.test3po.testcases.negativepagelevelcases.EducationGoalImportancePageNegativeTest"/>
  <testcase name="getGoalScreen" time="1.668" classname="com.ey.test3po.testcases.negativepagelevelcases.EducationGoalImportancePageNegativeTest"/>
  <testcase name="setGoalQuestionnaire" time="47.684" classname="com.ey.test3po.testcases.negativepagelevelcases.EducationGoalImportancePageNegativeTest"/>
  <testcase name="verifyPageLevelErrorMsg" time="5.376" classname="com.ey.test3po.testcases.negativepagelevelcases.EducationGoalImportancePageNegativeTest"/>
</testsuite> <!-- com.ey.test3po.testcases.negativepagelevelcases.EducationGoalImportancePageNegativeTest -->
