<?xml version="1.0" encoding="UTF-8"?>
<!-- Generated by org.testng.reporters.JUnitReportReporter -->
<testsuite skipped="46" hostname="IN2070121W2" name="com.ey.test3po.userjourney.LargePurchaseUserSignUpJourneyLessThan55Test" tests="47" failures="0" timestamp="19 Aug 2018 06:07:23 GMT" time="44.935" errors="1">
  <testcase name="tearDown" time="44.534" classname="com.ey.test3po.userjourney.LargePurchaseUserSignUpJourneyLessThan55Test">
    <error type="org.openqa.selenium.WebDriverException" message="An unknown server-side error occurred while processing the command. Original error: Error executing adbExec. Original error: &#039;Command &#039;C\:\\SDK\\platform-tools\\adb.exe -P 5037 -s 92010457a0ce2315 shell am force-stop io.appium.unlock&#039; exited with code 1&#039;; Stderr: &#039;error: device &#039;92010457a0ce2315&#039; not found&#039;; Code: &#039;1&#039;
Build info: version: &#039;3.13.0&#039;, revision: &#039;2f0d292&#039;, time: &#039;2018-06-25T15:24:21.231Z&#039;
System info: host: &#039;IN2070121W2&#039;, ip: &#039;192.168.52.2&#039;, os.name: &#039;Windows 10&#039;, os.arch: &#039;amd64&#039;, os.version: &#039;10.0&#039;, java.version: &#039;1.8.0_171&#039;
Driver info: io.appium.java_client.android.AndroidDriver
Capabilities {appActivity: com.eygsskpoc.ey3po.activit..., appPackage: com.eygsskpoc.ey3po, databaseEnabled: false, desired: {appActivity: com.eygsskpoc.ey3po.activit..., appPackage: com.eygsskpoc.ey3po, deviceName: 92010457a0ce2315, noReset: true, platformName: android, resetKeyboard: true, unicodeKeyboard: true, version: 5.1.1}, deviceManufacturer: samsung, deviceModel: SM-J200G, deviceName: 92010457a0ce2315, deviceScreenSize: 540x960, deviceUDID: 92010457a0ce2315, javascriptEnabled: true, locationContextEnabled: false, networkConnectionEnabled: true, noReset: true, platform: LINUX, platformName: Android, platformVersion: 5.1.1, resetKeyboard: true, takesScreenshot: true, unicodeKeyboard: true, version: 5.1.1, warnings: {}, webStorageEnabled: false}
Session ID: 38a90770-7ef9-4946-bb55-1d81edab1a2a">
      <![CDATA[org.openqa.selenium.WebDriverException: An unknown server-side error occurred while processing the command. Original error: Error executing adbExec. Original error: 'Command 'C\:\\SDK\\platform-tools\\adb.exe -P 5037 -s 92010457a0ce2315 shell am force-stop io.appium.unlock' exited with code 1'; Stderr: 'error: device '92010457a0ce2315' not found'; Code: '1'
Build info: version: '3.13.0', revision: '2f0d292', time: '2018-06-25T15:24:21.231Z'
System info: host: 'IN2070121W2', ip: '192.168.52.2', os.name: 'Windows 10', os.arch: 'amd64', os.version: '10.0', java.version: '1.8.0_171'
Driver info: io.appium.java_client.android.AndroidDriver
Capabilities {appActivity: com.eygsskpoc.ey3po.activit..., appPackage: com.eygsskpoc.ey3po, databaseEnabled: false, desired: {appActivity: com.eygsskpoc.ey3po.activit..., appPackage: com.eygsskpoc.ey3po, deviceName: 92010457a0ce2315, noReset: true, platformName: android, resetKeyboard: true, unicodeKeyboard: true, version: 5.1.1}, deviceManufacturer: samsung, deviceModel: SM-J200G, deviceName: 92010457a0ce2315, deviceScreenSize: 540x960, deviceUDID: 92010457a0ce2315, javascriptEnabled: true, locationContextEnabled: false, networkConnectionEnabled: true, noReset: true, platform: LINUX, platformName: Android, platformVersion: 5.1.1, resetKeyboard: true, takesScreenshot: true, unicodeKeyboard: true, version: 5.1.1, warnings: {}, webStorageEnabled: false}
Session ID: 38a90770-7ef9-4946-bb55-1d81edab1a2a
at sun.reflect.NativeConstructorAccessorImpl.newInstance0(Native Method)
at sun.reflect.NativeConstructorAccessorImpl.newInstance(NativeConstructorAccessorImpl.java:62)
at sun.reflect.DelegatingConstructorAccessorImpl.newInstance(DelegatingConstructorAccessorImpl.java:45)
at java.lang.reflect.Constructor.newInstance(Constructor.java:423)
at org.openqa.selenium.remote.http.W3CHttpResponseCodec.createException(W3CHttpResponseCodec.java:187)
at org.openqa.selenium.remote.http.W3CHttpResponseCodec.decode(W3CHttpResponseCodec.java:122)
at org.openqa.selenium.remote.http.W3CHttpResponseCodec.decode(W3CHttpResponseCodec.java:49)
at org.openqa.selenium.remote.HttpCommandExecutor.execute(HttpCommandExecutor.java:158)
at io.appium.java_client.remote.AppiumCommandExecutor.execute(AppiumCommandExecutor.java:231)
at org.openqa.selenium.remote.RemoteWebDriver.execute(RemoteWebDriver.java:548)
at io.appium.java_client.DefaultGenericMobileDriver.execute(DefaultGenericMobileDriver.java:46)
at io.appium.java_client.AppiumDriver.execute(AppiumDriver.java:1)
at io.appium.java_client.android.AndroidDriver.execute(AndroidDriver.java:1)
at org.openqa.selenium.remote.RemoteWebDriver.quit(RemoteWebDriver.java:448)
at com.ey.test3po.userjourney.LargePurchaseUserSignUpJourneyLessThan55Test.tearDown(LargePurchaseUserSignUpJourneyLessThan55Test.java:218)
at sun.reflect.NativeMethodAccessorImpl.invoke0(Native Method)
at sun.reflect.NativeMethodAccessorImpl.invoke(NativeMethodAccessorImpl.java:62)
at sun.reflect.DelegatingMethodAccessorImpl.invoke(DelegatingMethodAccessorImpl.java:43)
at java.lang.reflect.Method.invoke(Method.java:498)
at org.testng.internal.MethodInvocationHelper.invokeMethod(MethodInvocationHelper.java:124)
at org.testng.internal.MethodInvocationHelper.invokeMethodConsideringTimeout(MethodInvocationHelper.java:59)
at org.testng.internal.Invoker.invokeConfigurationMethod(Invoker.java:455)
at org.testng.internal.Invoker.invokeConfigurations(Invoker.java:222)
at org.testng.internal.Invoker.invokeMethod(Invoker.java:643)
at org.testng.internal.Invoker.invokeTestMethod(Invoker.java:716)
at org.testng.internal.Invoker.invokeTestMethods(Invoker.java:988)
at org.testng.internal.TestMethodWorker.invokeTestMethods(TestMethodWorker.java:125)
at org.testng.internal.TestMethodWorker.run(TestMethodWorker.java:109)
at org.testng.TestRunner.privateRun(TestRunner.java:648)
at org.testng.TestRunner.run(TestRunner.java:505)
at org.testng.SuiteRunner.runTest(SuiteRunner.java:455)
at org.testng.SuiteRunner.runSequentially(SuiteRunner.java:450)
at org.testng.SuiteRunner.privateRun(SuiteRunner.java:415)
at org.testng.SuiteRunner.run(SuiteRunner.java:364)
at org.testng.SuiteRunnerWorker.runSuite(SuiteRunnerWorker.java:52)
at org.testng.SuiteRunnerWorker.run(SuiteRunnerWorker.java:84)
at org.testng.TestNG.runSuitesSequentially(TestNG.java:1208)
at org.testng.TestNG.runSuitesLocally(TestNG.java:1137)
at org.testng.TestNG.runSuites(TestNG.java:1049)
at org.testng.TestNG.run(TestNG.java:1017)
at org.testng.remote.AbstractRemoteTestNG.run(AbstractRemoteTestNG.java:114)
at org.testng.remote.RemoteTestNG.initAndRun(RemoteTestNG.java:251)
at org.testng.remote.RemoteTestNG.main(RemoteTestNG.java:77)
]]>
    </error>
  </testcase> <!-- tearDown -->
  <testcase name="largePurchaseGoalLessThan55" time="0.000" classname="com.ey.test3po.userjourney.LargePurchaseUserSignUpJourneyLessThan55Test">
    <skipped/>
  </testcase> <!-- largePurchaseGoalLessThan55 -->
  <testcase name="largePurchaseGoalLessThan55" time="0.000" classname="com.ey.test3po.userjourney.LargePurchaseUserSignUpJourneyLessThan55Test">
    <skipped/>
  </testcase> <!-- largePurchaseGoalLessThan55 -->
  <testcase name="largePurchaseGoalLessThan55" time="0.000" classname="com.ey.test3po.userjourney.LargePurchaseUserSignUpJourneyLessThan55Test">
    <skipped/>
  </testcase> <!-- largePurchaseGoalLessThan55 -->
  <testcase name="largePurchaseGoalLessThan55" time="0.000" classname="com.ey.test3po.userjourney.LargePurchaseUserSignUpJourneyLessThan55Test">
    <skipped/>
  </testcase> <!-- largePurchaseGoalLessThan55 -->
  <testcase name="largePurchaseGoalLessThan55" time="0.000" classname="com.ey.test3po.userjourney.LargePurchaseUserSignUpJourneyLessThan55Test">
    <skipped/>
  </testcase> <!-- largePurchaseGoalLessThan55 -->
  <testcase name="largePurchaseGoalLessThan55" time="0.000" classname="com.ey.test3po.userjourney.LargePurchaseUserSignUpJourneyLessThan55Test">
    <skipped/>
  </testcase> <!-- largePurchaseGoalLessThan55 -->
  <testcase name="largePurchaseGoalLessThan55" time="0.000" classname="com.ey.test3po.userjourney.LargePurchaseUserSignUpJourneyLessThan55Test">
    <skipped/>
  </testcase> <!-- largePurchaseGoalLessThan55 -->
  <testcase name="largePurchaseGoalLessThan55" time="0.000" classname="com.ey.test3po.userjourney.LargePurchaseUserSignUpJourneyLessThan55Test">
    <skipped/>
  </testcase> <!-- largePurchaseGoalLessThan55 -->
  <testcase name="largePurchaseGoalLessThan55" time="0.000" classname="com.ey.test3po.userjourney.LargePurchaseUserSignUpJourneyLessThan55Test">
    <skipped/>
  </testcase> <!-- largePurchaseGoalLessThan55 -->
  <testcase name="largePurchaseGoalLessThan55" time="0.000" classname="com.ey.test3po.userjourney.LargePurchaseUserSignUpJourneyLessThan55Test">
    <skipped/>
  </testcase> <!-- largePurchaseGoalLessThan55 -->
  <testcase name="largePurchaseGoalLessThan55" time="0.000" classname="com.ey.test3po.userjourney.LargePurchaseUserSignUpJourneyLessThan55Test">
    <skipped/>
  </testcase> <!-- largePurchaseGoalLessThan55 -->
  <testcase name="largePurchaseGoalLessThan55" time="0.000" classname="com.ey.test3po.userjourney.LargePurchaseUserSignUpJourneyLessThan55Test">
    <skipped/>
  </testcase> <!-- largePurchaseGoalLessThan55 -->
  <testcase name="largePurchaseGoalLessThan55" time="0.000" classname="com.ey.test3po.userjourney.LargePurchaseUserSignUpJourneyLessThan55Test">
    <skipped/>
  </testcase> <!-- largePurchaseGoalLessThan55 -->
  <testcase name="largePurchaseGoalLessThan55" time="0.000" classname="com.ey.test3po.userjourney.LargePurchaseUserSignUpJourneyLessThan55Test">
    <skipped/>
  </testcase> <!-- largePurchaseGoalLessThan55 -->
  <testcase name="largePurchaseGoalLessThan55" time="0.000" classname="com.ey.test3po.userjourney.LargePurchaseUserSignUpJourneyLessThan55Test">
    <skipped/>
  </testcase> <!-- largePurchaseGoalLessThan55 -->
  <testcase name="largePurchaseGoalLessThan55" time="0.000" classname="com.ey.test3po.userjourney.LargePurchaseUserSignUpJourneyLessThan55Test">
    <skipped/>
  </testcase> <!-- largePurchaseGoalLessThan55 -->
  <testcase name="largePurchaseGoalLessThan55" time="0.000" classname="com.ey.test3po.userjourney.LargePurchaseUserSignUpJourneyLessThan55Test">
    <skipped/>
  </testcase> <!-- largePurchaseGoalLessThan55 -->
  <testcase name="largePurchaseGoalLessThan55" time="0.000" classname="com.ey.test3po.userjourney.LargePurchaseUserSignUpJourneyLessThan55Test">
    <skipped/>
  </testcase> <!-- largePurchaseGoalLessThan55 -->
  <testcase name="largePurchaseGoalLessThan55" time="0.000" classname="com.ey.test3po.userjourney.LargePurchaseUserSignUpJourneyLessThan55Test">
    <skipped/>
  </testcase> <!-- largePurchaseGoalLessThan55 -->
  <testcase name="largePurchaseGoalLessThan55" time="0.000" classname="com.ey.test3po.userjourney.LargePurchaseUserSignUpJourneyLessThan55Test">
    <skipped/>
  </testcase> <!-- largePurchaseGoalLessThan55 -->
  <testcase name="largePurchaseGoalLessThan55" time="0.000" classname="com.ey.test3po.userjourney.LargePurchaseUserSignUpJourneyLessThan55Test">
    <skipped/>
  </testcase> <!-- largePurchaseGoalLessThan55 -->
  <testcase name="largePurchaseGoalLessThan55" time="0.000" classname="com.ey.test3po.userjourney.LargePurchaseUserSignUpJourneyLessThan55Test">
    <skipped/>
  </testcase> <!-- largePurchaseGoalLessThan55 -->
  <testcase name="largePurchaseGoalLessThan55" time="0.000" classname="com.ey.test3po.userjourney.LargePurchaseUserSignUpJourneyLessThan55Test">
    <skipped/>
  </testcase> <!-- largePurchaseGoalLessThan55 -->
  <testcase name="largePurchaseGoalLessThan55" time="0.000" classname="com.ey.test3po.userjourney.LargePurchaseUserSignUpJourneyLessThan55Test">
    <skipped/>
  </testcase> <!-- largePurchaseGoalLessThan55 -->
  <testcase name="largePurchaseGoalLessThan55" time="0.000" classname="com.ey.test3po.userjourney.LargePurchaseUserSignUpJourneyLessThan55Test">
    <skipped/>
  </testcase> <!-- largePurchaseGoalLessThan55 -->
  <testcase name="largePurchaseGoalLessThan55" time="0.000" classname="com.ey.test3po.userjourney.LargePurchaseUserSignUpJourneyLessThan55Test">
    <skipped/>
  </testcase> <!-- largePurchaseGoalLessThan55 -->
  <testcase name="largePurchaseGoalLessThan55" time="0.000" classname="com.ey.test3po.userjourney.LargePurchaseUserSignUpJourneyLessThan55Test">
    <skipped/>
  </testcase> <!-- largePurchaseGoalLessThan55 -->
  <testcase name="largePurchaseGoalLessThan55" time="0.000" classname="com.ey.test3po.userjourney.LargePurchaseUserSignUpJourneyLessThan55Test">
    <skipped/>
  </testcase> <!-- largePurchaseGoalLessThan55 -->
  <testcase name="largePurchaseGoalLessThan55" time="0.000" classname="com.ey.test3po.userjourney.LargePurchaseUserSignUpJourneyLessThan55Test">
    <skipped/>
  </testcase> <!-- largePurchaseGoalLessThan55 -->
  <testcase name="largePurchaseGoalLessThan55" time="0.001" classname="com.ey.test3po.userjourney.LargePurchaseUserSignUpJourneyLessThan55Test">
    <skipped/>
  </testcase> <!-- largePurchaseGoalLessThan55 -->
  <testcase name="largePurchaseGoalLessThan55" time="0.000" classname="com.ey.test3po.userjourney.LargePurchaseUserSignUpJourneyLessThan55Test">
    <skipped/>
  </testcase> <!-- largePurchaseGoalLessThan55 -->
  <testcase name="largePurchaseGoalLessThan55" time="0.000" classname="com.ey.test3po.userjourney.LargePurchaseUserSignUpJourneyLessThan55Test">
    <skipped/>
  </testcase> <!-- largePurchaseGoalLessThan55 -->
  <testcase name="largePurchaseGoalLessThan55" time="0.000" classname="com.ey.test3po.userjourney.LargePurchaseUserSignUpJourneyLessThan55Test">
    <skipped/>
  </testcase> <!-- largePurchaseGoalLessThan55 -->
  <testcase name="largePurchaseGoalLessThan55" time="0.000" classname="com.ey.test3po.userjourney.LargePurchaseUserSignUpJourneyLessThan55Test">
    <skipped/>
  </testcase> <!-- largePurchaseGoalLessThan55 -->
  <testcase name="largePurchaseGoalLessThan55" time="0.000" classname="com.ey.test3po.userjourney.LargePurchaseUserSignUpJourneyLessThan55Test">
    <skipped/>
  </testcase> <!-- largePurchaseGoalLessThan55 -->
  <testcase name="largePurchaseGoalLessThan55" time="0.000" classname="com.ey.test3po.userjourney.LargePurchaseUserSignUpJourneyLessThan55Test">
    <skipped/>
  </testcase> <!-- largePurchaseGoalLessThan55 -->
  <testcase name="largePurchaseGoalLessThan55" time="0.000" classname="com.ey.test3po.userjourney.LargePurchaseUserSignUpJourneyLessThan55Test">
    <skipped/>
  </testcase> <!-- largePurchaseGoalLessThan55 -->
  <testcase name="largePurchaseGoalLessThan55" time="0.000" classname="com.ey.test3po.userjourney.LargePurchaseUserSignUpJourneyLessThan55Test">
    <skipped/>
  </testcase> <!-- largePurchaseGoalLessThan55 -->
  <testcase name="largePurchaseGoalLessThan55" time="0.000" classname="com.ey.test3po.userjourney.LargePurchaseUserSignUpJourneyLessThan55Test">
    <skipped/>
  </testcase> <!-- largePurchaseGoalLessThan55 -->
  <testcase name="largePurchaseGoalLessThan55" time="0.000" classname="com.ey.test3po.userjourney.LargePurchaseUserSignUpJourneyLessThan55Test">
    <skipped/>
  </testcase> <!-- largePurchaseGoalLessThan55 -->
  <testcase name="largePurchaseGoalLessThan55" time="0.000" classname="com.ey.test3po.userjourney.LargePurchaseUserSignUpJourneyLessThan55Test">
    <skipped/>
  </testcase> <!-- largePurchaseGoalLessThan55 -->
  <testcase name="largePurchaseGoalLessThan55" time="0.000" classname="com.ey.test3po.userjourney.LargePurchaseUserSignUpJourneyLessThan55Test">
    <skipped/>
  </testcase> <!-- largePurchaseGoalLessThan55 -->
  <testcase name="largePurchaseGoalLessThan55" time="0.400" classname="com.ey.test3po.userjourney.LargePurchaseUserSignUpJourneyLessThan55Test">
    <skipped/>
  </testcase> <!-- largePurchaseGoalLessThan55 -->
  <testcase name="largePurchaseGoalLessThan55" time="0.000" classname="com.ey.test3po.userjourney.LargePurchaseUserSignUpJourneyLessThan55Test">
    <skipped/>
  </testcase> <!-- largePurchaseGoalLessThan55 -->
  <testcase name="largePurchaseGoalLessThan55" time="0.000" classname="com.ey.test3po.userjourney.LargePurchaseUserSignUpJourneyLessThan55Test">
    <skipped/>
  </testcase> <!-- largePurchaseGoalLessThan55 -->
  <testcase name="largePurchaseGoalLessThan55" time="0.000" classname="com.ey.test3po.userjourney.LargePurchaseUserSignUpJourneyLessThan55Test">
    <skipped/>
  </testcase> <!-- largePurchaseGoalLessThan55 -->
</testsuite> <!-- com.ey.test3po.userjourney.LargePurchaseUserSignUpJourneyLessThan55Test -->
