<?xml version="1.0" encoding="UTF-8"?>
<!-- Generated by org.testng.reporters.JUnitReportReporter -->
<testsuite skipped="0" hostname="IN2070121W2" name="com.ey.test3po.userjourney.LargePurchaseUserSignUpJourneyLessThan55Test" tests="26" failures="0" timestamp="22 Aug 2018 11:05:43 GMT" time="6079.327" errors="0">
  <testcase name="largePurchaseGoalLessThan55" time="298.884" classname="com.ey.test3po.userjourney.LargePurchaseUserSignUpJourneyLessThan55Test"/>
  <testcase name="largePurchaseGoalLessThan55" time="185.919" classname="com.ey.test3po.userjourney.LargePurchaseUserSignUpJourneyLessThan55Test"/>
  <testcase name="largePurchaseGoalLessThan55" time="229.116" classname="com.ey.test3po.userjourney.LargePurchaseUserSignUpJourneyLessThan55Test"/>
  <testcase name="largePurchaseGoalLessThan55" time="331.454" classname="com.ey.test3po.userjourney.LargePurchaseUserSignUpJourneyLessThan55Test"/>
  <testcase name="largePurchaseGoalLessThan55" time="194.707" classname="com.ey.test3po.userjourney.LargePurchaseUserSignUpJourneyLessThan55Test"/>
  <testcase name="largePurchaseGoalLessThan55" time="289.545" classname="com.ey.test3po.userjourney.LargePurchaseUserSignUpJourneyLessThan55Test"/>
  <testcase name="largePurchaseGoalLessThan55" time="186.793" classname="com.ey.test3po.userjourney.LargePurchaseUserSignUpJourneyLessThan55Test"/>
  <testcase name="largePurchaseGoalLessThan55" time="253.033" classname="com.ey.test3po.userjourney.LargePurchaseUserSignUpJourneyLessThan55Test"/>
  <testcase name="largePurchaseGoalLessThan55" time="193.958" classname="com.ey.test3po.userjourney.LargePurchaseUserSignUpJourneyLessThan55Test"/>
  <testcase name="largePurchaseGoalLessThan55" time="147.449" classname="com.ey.test3po.userjourney.LargePurchaseUserSignUpJourneyLessThan55Test"/>
  <testcase name="largePurchaseGoalLessThan55" time="192.986" classname="com.ey.test3po.userjourney.LargePurchaseUserSignUpJourneyLessThan55Test"/>
  <testcase name="largePurchaseGoalLessThan55" time="221.368" classname="com.ey.test3po.userjourney.LargePurchaseUserSignUpJourneyLessThan55Test"/>
  <testcase name="largePurchaseGoalLessThan55" time="177.640" classname="com.ey.test3po.userjourney.LargePurchaseUserSignUpJourneyLessThan55Test"/>
  <testcase name="largePurchaseGoalLessThan55" time="166.648" classname="com.ey.test3po.userjourney.LargePurchaseUserSignUpJourneyLessThan55Test"/>
  <testcase name="largePurchaseGoalLessThan55" time="211.831" classname="com.ey.test3po.userjourney.LargePurchaseUserSignUpJourneyLessThan55Test"/>
  <testcase name="largePurchaseGoalLessThan55" time="287.044" classname="com.ey.test3po.userjourney.LargePurchaseUserSignUpJourneyLessThan55Test"/>
  <testcase name="largePurchaseGoalLessThan55" time="265.587" classname="com.ey.test3po.userjourney.LargePurchaseUserSignUpJourneyLessThan55Test"/>
  <testcase name="largePurchaseGoalLessThan55" time="220.616" classname="com.ey.test3po.userjourney.LargePurchaseUserSignUpJourneyLessThan55Test"/>
  <testcase name="largePurchaseGoalLessThan55" time="210.091" classname="com.ey.test3po.userjourney.LargePurchaseUserSignUpJourneyLessThan55Test"/>
  <testcase name="largePurchaseGoalLessThan55" time="286.030" classname="com.ey.test3po.userjourney.LargePurchaseUserSignUpJourneyLessThan55Test"/>
  <testcase name="largePurchaseGoalLessThan55" time="242.032" classname="com.ey.test3po.userjourney.LargePurchaseUserSignUpJourneyLessThan55Test"/>
  <testcase name="largePurchaseGoalLessThan55" time="325.426" classname="com.ey.test3po.userjourney.LargePurchaseUserSignUpJourneyLessThan55Test"/>
  <testcase name="largePurchaseGoalLessThan55" time="383.350" classname="com.ey.test3po.userjourney.LargePurchaseUserSignUpJourneyLessThan55Test"/>
  <testcase name="largePurchaseGoalLessThan55" time="171.136" classname="com.ey.test3po.userjourney.LargePurchaseUserSignUpJourneyLessThan55Test"/>
  <testcase name="largePurchaseGoalLessThan55" time="137.481" classname="com.ey.test3po.userjourney.LargePurchaseUserSignUpJourneyLessThan55Test"/>
  <testcase name="largePurchaseGoalLessThan55" time="269.203" classname="com.ey.test3po.userjourney.LargePurchaseUserSignUpJourneyLessThan55Test"/>
</testsuite> <!-- com.ey.test3po.userjourney.LargePurchaseUserSignUpJourneyLessThan55Test -->
