<?xml version="1.0" encoding="UTF-8"?>
<!-- Generated by org.testng.reporters.JUnitReportReporter -->
<testsuite skipped="0" hostname="IN2070121W2" name="com.ey.test3po.testcases.pagelevel.EmergencyFundGoalActivityQuestionnairePageTest" tests="4" failures="0" timestamp="20 Jul 2018 07:41:04 GMT" time="70.362" errors="0">
  <testcase name="getUserScreen" time="41.837" classname="com.ey.test3po.testcases.pagelevel.EmergencyFundGoalActivityQuestionnairePageTest"/>
  <testcase name="getGoalScreen" time="2.436" classname="com.ey.test3po.testcases.pagelevel.EmergencyFundGoalActivityQuestionnairePageTest"/>
  <testcase name="verifyScreenContent" time="1.613" classname="com.ey.test3po.testcases.pagelevel.EmergencyFundGoalActivityQuestionnairePageTest"/>
  <testcase name="setGoalQuestionnaire" time="24.476" classname="com.ey.test3po.testcases.pagelevel.EmergencyFundGoalActivityQuestionnairePageTest"/>
</testsuite> <!-- com.ey.test3po.testcases.pagelevel.EmergencyFundGoalActivityQuestionnairePageTest -->
