<?xml version="1.0" encoding="UTF-8"?>
<!-- Generated by org.testng.reporters.JUnitReportReporter -->
<testsuite skipped="0" hostname="IN2070121W2" name="com.ey.test3po.pages.test2" tests="4" failures="0" timestamp="27 Jul 2018 16:36:06 GMT" time="0.016" errors="0">
  <testcase name="fun1" time="0.000" classname="com.ey.test3po.pages.test2"/>
  <testcase name="fun1" time="0.016" classname="com.ey.test3po.pages.test2"/>
  <testcase name="fun2" time="0.000" classname="com.ey.test3po.pages.test2"/>
  <testcase name="fun2" time="0.000" classname="com.ey.test3po.pages.test2"/>
</testsuite> <!-- com.ey.test3po.pages.test2 -->
