<?xml version="1.0" encoding="UTF-8"?>
<!-- Generated by org.testng.reporters.JUnitReportReporter -->
<testsuite skipped="0" hostname="IN2070121W2" name="com.ey.test3po.pagelevel.WelcomePageTest" tests="1" failures="0" timestamp="13 Aug 2018 06:09:39 GMT" time="68.295" errors="0">
  <testcase name="welcomeSectionTest" time="68.295" classname="com.ey.test3po.pagelevel.WelcomePageTest"/>
</testsuite> <!-- com.ey.test3po.pagelevel.WelcomePageTest -->
