<?xml version="1.0" encoding="UTF-8"?>
<!-- Generated by org.testng.reporters.JUnitReportReporter -->
<testsuite skipped="0" hostname="IN2070121W2" name="com.ey.test3po.pagelevel.GoalSelectionPageTest" tests="1" failures="0" timestamp="13 Aug 2018 06:14:32 GMT" time="81.352" errors="0">
  <testcase name="goalSelection" time="81.352" classname="com.ey.test3po.pagelevel.GoalSelectionPageTest"/>
</testsuite> <!-- com.ey.test3po.pagelevel.GoalSelectionPageTest -->
