<?xml version="1.0" encoding="UTF-8"?>
<!-- Generated by org.testng.reporters.JUnitReportReporter -->
<testsuite skipped="0" hostname="IN2070121W2" name="com.ey.test3po.testcases.positivepagelevelcases.LargePurchasePlannedDelayInGoalPageTest" tests="8" failures="0" timestamp="27 Jul 2018 00:15:42 GMT" time="140.671" errors="0">
  <testcase name="getUserScreen" time="31.768" classname="com.ey.test3po.testcases.positivepagelevelcases.LargePurchasePlannedDelayInGoalPageTest"/>
  <testcase name="getGoalScreen" time="5.054" classname="com.ey.test3po.testcases.positivepagelevelcases.LargePurchasePlannedDelayInGoalPageTest"/>
  <testcase name="setGoalQuestionnaire" time="26.385" classname="com.ey.test3po.testcases.positivepagelevelcases.LargePurchasePlannedDelayInGoalPageTest"/>
  <testcase name="setGoalImportance" time="4.883" classname="com.ey.test3po.testcases.positivepagelevelcases.LargePurchasePlannedDelayInGoalPageTest"/>
  <testcase name="setPlannedMonthlyContribution" time="20.702" classname="com.ey.test3po.testcases.positivepagelevelcases.LargePurchasePlannedDelayInGoalPageTest"/>
  <testcase name="setPlannedMonthlyinv" time="30.836" classname="com.ey.test3po.testcases.positivepagelevelcases.LargePurchasePlannedDelayInGoalPageTest"/>
  <testcase name="verifyScreenContent" time="2.537" classname="com.ey.test3po.testcases.positivepagelevelcases.LargePurchasePlannedDelayInGoalPageTest"/>
  <testcase name="setDelayInGoal" time="18.506" classname="com.ey.test3po.testcases.positivepagelevelcases.LargePurchasePlannedDelayInGoalPageTest"/>
</testsuite> <!-- com.ey.test3po.testcases.positivepagelevelcases.LargePurchasePlannedDelayInGoalPageTest -->
