<?xml version="1.0" encoding="UTF-8"?>
<!-- Generated by org.testng.reporters.JUnitReportReporter -->
<testsuite hostname="IN2070121W2" failures="0" tests="4" name="com.ey.test3po.userjourney.EmergencyUserSignUpJourneyTest" time="802.011" errors="0" timestamp="30 Oct 2018 08:11:06 GMT" skipped="0">
  <testcase classname="com.ey.test3po.userjourney.EmergencyUserSignUpJourneyTest" name="emergencyGoalUserJourney" time="296.849"/>
  <testcase classname="com.ey.test3po.userjourney.EmergencyUserSignUpJourneyTest" name="emergencyGoalUserJourney" time="159.406"/>
  <testcase classname="com.ey.test3po.userjourney.EmergencyUserSignUpJourneyTest" name="emergencyGoalUserJourney" time="166.403"/>
  <testcase classname="com.ey.test3po.userjourney.EmergencyUserSignUpJourneyTest" name="emergencyGoalUserJourney" time="179.353"/>
</testsuite> <!-- com.ey.test3po.userjourney.EmergencyUserSignUpJourneyTest -->
