<?xml version="1.0" encoding="UTF-8"?>
<!-- Generated by org.testng.reporters.JUnitReportReporter -->
<testsuite skipped="0" hostname="IN2070121W2" name="com.ey.test3po.testcases.positivepagelevelcases.EducationGoalAnnualSpendingPageTest" tests="8" failures="0" timestamp="26 Jul 2018 14:21:04 GMT" time="139.225" errors="0">
  <testcase name="getUserScreen" time="31.260" classname="com.ey.test3po.testcases.positivepagelevelcases.EducationGoalAnnualSpendingPageTest"/>
  <testcase name="getGoalScreen" time="6.773" classname="com.ey.test3po.testcases.positivepagelevelcases.EducationGoalAnnualSpendingPageTest"/>
  <testcase name="setGoalQuestionnaire" time="43.244" classname="com.ey.test3po.testcases.positivepagelevelcases.EducationGoalAnnualSpendingPageTest"/>
  <testcase name="setGoalImportance" time="4.951" classname="com.ey.test3po.testcases.positivepagelevelcases.EducationGoalAnnualSpendingPageTest"/>
  <testcase name="setPlannedMonthlyContribution" time="21.075" classname="com.ey.test3po.testcases.positivepagelevelcases.EducationGoalAnnualSpendingPageTest"/>
  <testcase name="setPlannedMonthlyinv" time="27.450" classname="com.ey.test3po.testcases.positivepagelevelcases.EducationGoalAnnualSpendingPageTest"/>
  <testcase name="verifyScreenContent" time="3.361" classname="com.ey.test3po.testcases.positivepagelevelcases.EducationGoalAnnualSpendingPageTest"/>
  <testcase name="signUpTest" time="1.111" classname="com.ey.test3po.testcases.positivepagelevelcases.EducationGoalAnnualSpendingPageTest"/>
</testsuite> <!-- com.ey.test3po.testcases.positivepagelevelcases.EducationGoalAnnualSpendingPageTest -->
