<?xml version="1.0" encoding="UTF-8"?>
<!-- Generated by org.testng.reporters.JUnitReportReporter -->
<testsuite skipped="0" hostname="IN2070121W2" name="com.ey.test3po.testcases.negativepagelevelcases.UserProfilePageNegativeTest" tests="2" failures="0" timestamp="27 Jul 2018 02:08:45 GMT" time="67.070" errors="0">
  <testcase name="verifyPageLevelErrorMsg" time="5.428" classname="com.ey.test3po.testcases.negativepagelevelcases.UserProfilePageNegativeTest"/>
  <testcase name="verifyFieldLevelErrorMsg" time="61.642" classname="com.ey.test3po.testcases.negativepagelevelcases.UserProfilePageNegativeTest"/>
</testsuite> <!-- com.ey.test3po.testcases.negativepagelevelcases.UserProfilePageNegativeTest -->
