<?xml version="1.0" encoding="UTF-8"?>
<!-- Generated by org.testng.reporters.JUnitReportReporter -->
<testsuite skipped="0" hostname="IN2070121W2" name="com.ey.test3po.testcases.pagelevel.LargePurchaseGoalActivityQuestionnairePageTest" tests="4" failures="0" timestamp="20 Jul 2018 06:44:56 GMT" time="71.337" errors="0">
  <testcase name="getUserScreen" time="41.050" classname="com.ey.test3po.testcases.pagelevel.LargePurchaseGoalActivityQuestionnairePageTest"/>
  <testcase name="getGoalScreen" time="1.685" classname="com.ey.test3po.testcases.pagelevel.LargePurchaseGoalActivityQuestionnairePageTest"/>
  <testcase name="verifyScreenContent" time="2.066" classname="com.ey.test3po.testcases.pagelevel.LargePurchaseGoalActivityQuestionnairePageTest"/>
  <testcase name="setGoalQuestionnaire" time="26.536" classname="com.ey.test3po.testcases.pagelevel.LargePurchaseGoalActivityQuestionnairePageTest"/>
</testsuite> <!-- com.ey.test3po.testcases.pagelevel.LargePurchaseGoalActivityQuestionnairePageTest -->
