<?xml version="1.0" encoding="UTF-8"?>
<!-- Generated by org.testng.reporters.JUnitReportReporter -->
<testsuite skipped="0" hostname="IN2070121W2" name="com.ey.test3po.pagelevel.EducationPlannedInvPageTest" tests="1" failures="0" timestamp="31 Jul 2018 06:20:53 GMT" time="196.992" errors="0">
  <testcase name="educationPlannedInv" time="196.992" classname="com.ey.test3po.pagelevel.EducationPlannedInvPageTest"/>
</testsuite> <!-- com.ey.test3po.pagelevel.EducationPlannedInvPageTest -->
