<?xml version="1.0" encoding="UTF-8"?>
<!-- Generated by org.testng.reporters.JUnitReportReporter -->
<testsuite skipped="0" hostname="IN2070121W2" name="com.ey.test3po.userjourney.EmergencyUserSignUpJourneyTest" tests="4" failures="0" timestamp="17 Aug 2018 01:46:27 GMT" time="551.166" errors="0">
  <testcase name="emergencyGoalUserJourney" time="134.126" classname="com.ey.test3po.userjourney.EmergencyUserSignUpJourneyTest"/>
  <testcase name="emergencyGoalUserJourney" time="129.736" classname="com.ey.test3po.userjourney.EmergencyUserSignUpJourneyTest"/>
  <testcase name="emergencyGoalUserJourney" time="141.692" classname="com.ey.test3po.userjourney.EmergencyUserSignUpJourneyTest"/>
  <testcase name="emergencyGoalUserJourney" time="145.612" classname="com.ey.test3po.userjourney.EmergencyUserSignUpJourneyTest"/>
</testsuite> <!-- com.ey.test3po.userjourney.EmergencyUserSignUpJourneyTest -->
