<?xml version="1.0" encoding="UTF-8"?>
<!-- Generated by org.testng.reporters.JUnitReportReporter -->
<testsuite skipped="0" hostname="IN2070121W2" name="com.ey.test3po.userjourney.EducationGoalUserSignUpJourneyLessThan55Test" tests="1" failures="0" timestamp="21 Sep 2018 07:05:02 GMT" time="368.538" errors="0">
  <testcase name="educationGoalLessThan55" time="368.538" classname="com.ey.test3po.userjourney.EducationGoalUserSignUpJourneyLessThan55Test"/>
</testsuite> <!-- com.ey.test3po.userjourney.EducationGoalUserSignUpJourneyLessThan55Test -->
