<?xml version="1.0" encoding="UTF-8"?>
<!-- Generated by org.testng.reporters.JUnitReportReporter -->
<testsuite skipped="0" hostname="IN2070121W2" name="com.ey.test3po.testcases.positivepagelevelcases.EducationGoalActivityQuestionnairePageTest" tests="1" failures="0" timestamp="28 Jul 2018 09:13:25 GMT" time="69.711" errors="0">
  <testcase name="getUserScreen" time="69.711" classname="com.ey.test3po.testcases.positivepagelevelcases.EducationGoalActivityQuestionnairePageTest"/>
</testsuite> <!-- com.ey.test3po.testcases.positivepagelevelcases.EducationGoalActivityQuestionnairePageTest -->
