<?xml version="1.0" encoding="UTF-8"?>
<!-- Generated by org.testng.reporters.JUnitReportReporter -->
<testsuite skipped="0" hostname="IN2070121W2" name="com.ey.test3po.testcases.GetStartedQuestionnaireTest" tests="2" failures="0" timestamp="04 Jul 2018 00:52:21 GMT" time="58.123" errors="0">
  <testcase name="getCurrentActityForQuestionnaireTest" time="4.395" classname="com.ey.test3po.testcases.GetStartedQuestionnaireTest"/>
  <testcase name="fillQuestionnaireTest" time="53.728" classname="com.ey.test3po.testcases.GetStartedQuestionnaireTest"/>
</testsuite> <!-- com.ey.test3po.testcases.GetStartedQuestionnaireTest -->
