<?xml version="1.0" encoding="UTF-8"?>
<!-- Generated by org.testng.reporters.JUnitReportReporter -->
<testsuite skipped="0" hostname="IN2070121W2" name="com.ey.test3po.testcases.negativepagelevelcases.GoalSelectionPageNegativeTest" tests="2" failures="0" timestamp="27 Jul 2018 04:27:58 GMT" time="39.228" errors="0">
  <testcase name="setUserProfileQuestionnaire" time="32.135" classname="com.ey.test3po.testcases.negativepagelevelcases.GoalSelectionPageNegativeTest"/>
  <testcase name="verifyPageLevelErrorMsg" time="7.093" classname="com.ey.test3po.testcases.negativepagelevelcases.GoalSelectionPageNegativeTest"/>
</testsuite> <!-- com.ey.test3po.testcases.negativepagelevelcases.GoalSelectionPageNegativeTest -->
