<?xml version="1.0" encoding="UTF-8"?>
<!-- Generated by org.testng.reporters.JUnitReportReporter -->
<testsuite skipped="0" hostname="IN2070121W2" name="com.ey.test3po.testcases.negativepagelevelcases.LargePurchaseGoalImportancePageNegativeTest" tests="4" failures="0" timestamp="23 Jul 2018 12:12:01 GMT" time="72.526" errors="0">
  <testcase name="getUserScreen" time="36.542" classname="com.ey.test3po.testcases.negativepagelevelcases.LargePurchaseGoalImportancePageNegativeTest"/>
  <testcase name="getGoalScreen" time="1.565" classname="com.ey.test3po.testcases.negativepagelevelcases.LargePurchaseGoalImportancePageNegativeTest"/>
  <testcase name="setGoalQuestionnaire" time="28.926" classname="com.ey.test3po.testcases.negativepagelevelcases.LargePurchaseGoalImportancePageNegativeTest"/>
  <testcase name="verifyPageLevelErrorMsg" time="5.493" classname="com.ey.test3po.testcases.negativepagelevelcases.LargePurchaseGoalImportancePageNegativeTest"/>
</testsuite> <!-- com.ey.test3po.testcases.negativepagelevelcases.LargePurchaseGoalImportancePageNegativeTest -->
