<?xml version="1.0" encoding="UTF-8"?>
<!-- Generated by org.testng.reporters.JUnitReportReporter -->
<testsuite skipped="0" hostname="IN2070121W2" name="com.ey.test3po.testcases.negativepagelevelcases.EmergencyFundGoalActivityQuestionnairePageNegativeTest" tests="4" failures="0" timestamp="27 Jul 2018 04:31:53 GMT" time="55.451" errors="0">
  <testcase name="getUserScreen" time="31.969" classname="com.ey.test3po.testcases.negativepagelevelcases.EmergencyFundGoalActivityQuestionnairePageNegativeTest"/>
  <testcase name="getGoalScreen" time="4.656" classname="com.ey.test3po.testcases.negativepagelevelcases.EmergencyFundGoalActivityQuestionnairePageNegativeTest"/>
  <testcase name="verifyPageLevelErrorMsg" time="5.918" classname="com.ey.test3po.testcases.negativepagelevelcases.EmergencyFundGoalActivityQuestionnairePageNegativeTest"/>
  <testcase name="verifyFieldLevelErrorMsg" time="12.908" classname="com.ey.test3po.testcases.negativepagelevelcases.EmergencyFundGoalActivityQuestionnairePageNegativeTest"/>
</testsuite> <!-- com.ey.test3po.testcases.negativepagelevelcases.EmergencyFundGoalActivityQuestionnairePageNegativeTest -->
