<?xml version="1.0" encoding="UTF-8"?>
<!-- Generated by org.testng.reporters.JUnitReportReporter -->
<testsuite skipped="0" hostname="IN2070121W2" name="com.ey.test3po.pagelevel.OtherGoalsImportancePageTest" tests="1" failures="0" timestamp="31 Jul 2018 06:56:18 GMT" time="131.685" errors="0">
  <testcase name="otherGoalsImportance" time="131.685" classname="com.ey.test3po.pagelevel.OtherGoalsImportancePageTest"/>
</testsuite> <!-- com.ey.test3po.pagelevel.OtherGoalsImportancePageTest -->
