<?xml version="1.0" encoding="UTF-8"?>
<!-- Generated by org.testng.reporters.JUnitReportReporter -->
<testsuite skipped="0" hostname="IN2070121W2" name="com.ey.test3po.userjourney.OtherGoalUserSignUpJourneyMoreThan55Test" tests="1" failures="0" timestamp="08 Sep 2018 15:00:49 GMT" time="276.155" errors="0">
  <testcase name="otherGoalGoalMoreThan55" time="276.155" classname="com.ey.test3po.userjourney.OtherGoalUserSignUpJourneyMoreThan55Test"/>
</testsuite> <!-- com.ey.test3po.userjourney.OtherGoalUserSignUpJourneyMoreThan55Test -->
