<?xml version="1.0" encoding="UTF-8"?>
<!-- Generated by org.testng.reporters.JUnitReportReporter -->
<testsuite skipped="0" hostname="IN2070121W2" name="com.ey.test3po.pagelevel.RetirementGoalPlannedDelayInGoalPageTest" tests="1" failures="0" timestamp="31 Jul 2018 09:02:01 GMT" time="184.383" errors="0">
  <testcase name="retirementGoalPlannedDelayInGoal" time="184.383" classname="com.ey.test3po.pagelevel.RetirementGoalPlannedDelayInGoalPageTest"/>
</testsuite> <!-- com.ey.test3po.pagelevel.RetirementGoalPlannedDelayInGoalPageTest -->
