<?xml version="1.0" encoding="UTF-8"?>
<!-- Generated by org.testng.reporters.JUnitReportReporter -->
<testsuite skipped="0" hostname="IN2070121W2" name="com.ey.test3po.testcases.pagelevel.OtherGoalsActivityQuestionnairePageTest" tests="4" failures="0" timestamp="20 Jul 2018 10:52:25 GMT" time="74.162" errors="0">
  <testcase name="getUserScreen" time="42.584" classname="com.ey.test3po.testcases.pagelevel.OtherGoalsActivityQuestionnairePageTest"/>
  <testcase name="getGoalScreen" time="1.655" classname="com.ey.test3po.testcases.pagelevel.OtherGoalsActivityQuestionnairePageTest"/>
  <testcase name="verifyScreenContent" time="2.057" classname="com.ey.test3po.testcases.pagelevel.OtherGoalsActivityQuestionnairePageTest"/>
  <testcase name="setGoalQuestionnaire" time="27.866" classname="com.ey.test3po.testcases.pagelevel.OtherGoalsActivityQuestionnairePageTest"/>
</testsuite> <!-- com.ey.test3po.testcases.pagelevel.OtherGoalsActivityQuestionnairePageTest -->
