<?xml version="1.0" encoding="UTF-8"?>
<!-- Generated by org.testng.reporters.JUnitReportReporter -->
<testsuite skipped="0" hostname="IN2070121W2" name="com.ey.test3po.testcases.negativepagelevelcases.PlannedDelayInGoalPageNegativeTest" tests="7" failures="0" timestamp="27 Jul 2018 02:41:18 GMT" time="124.786" errors="0">
  <testcase name="getUserScreen" time="32.664" classname="com.ey.test3po.testcases.negativepagelevelcases.PlannedDelayInGoalPageNegativeTest"/>
  <testcase name="getGoalScreen" time="5.076" classname="com.ey.test3po.testcases.negativepagelevelcases.PlannedDelayInGoalPageNegativeTest"/>
  <testcase name="setGoalQuestionnaire" time="26.222" classname="com.ey.test3po.testcases.negativepagelevelcases.PlannedDelayInGoalPageNegativeTest"/>
  <testcase name="setGoalImportance" time="4.889" classname="com.ey.test3po.testcases.negativepagelevelcases.PlannedDelayInGoalPageNegativeTest"/>
  <testcase name="setPlannedMonthlyContribution" time="20.829" classname="com.ey.test3po.testcases.negativepagelevelcases.PlannedDelayInGoalPageNegativeTest"/>
  <testcase name="setPlannedMonthlyinv" time="30.218" classname="com.ey.test3po.testcases.negativepagelevelcases.PlannedDelayInGoalPageNegativeTest"/>
  <testcase name="verifyPageLevelErrorMsg" time="4.888" classname="com.ey.test3po.testcases.negativepagelevelcases.PlannedDelayInGoalPageNegativeTest"/>
</testsuite> <!-- com.ey.test3po.testcases.negativepagelevelcases.PlannedDelayInGoalPageNegativeTest -->
