<?xml version="1.0" encoding="UTF-8"?>
<!-- Generated by org.testng.reporters.JUnitReportReporter -->
<testsuite skipped="0" hostname="IN2070121W2" name="com.ey.test3po.pagelevel.RetirementGoalPlannedInvPageTest" tests="1" failures="0" timestamp="31 Jul 2018 07:49:29 GMT" time="173.677" errors="0">
  <testcase name="retirementGoalPlannedInv" time="173.677" classname="com.ey.test3po.pagelevel.RetirementGoalPlannedInvPageTest"/>
</testsuite> <!-- com.ey.test3po.pagelevel.RetirementGoalPlannedInvPageTest -->
