<?xml version="1.0" encoding="UTF-8"?>
<!-- Generated by org.testng.reporters.JUnitReportReporter -->
<testsuite skipped="0" hostname="IN2070121W2" name="com.ey.test3po.pagelevel.EmergencyFundPlannedInvPageTest" tests="1" failures="0" timestamp="31 Jul 2018 06:42:12 GMT" time="154.548" errors="0">
  <testcase name="emergencyFundPlannedInv" time="154.548" classname="com.ey.test3po.pagelevel.EmergencyFundPlannedInvPageTest"/>
</testsuite> <!-- com.ey.test3po.pagelevel.EmergencyFundPlannedInvPageTest -->
