<?xml version="1.0" encoding="UTF-8"?>
<!-- Generated by org.testng.reporters.JUnitReportReporter -->
<testsuite skipped="0" hostname="IN2070121W2" name="com.ey.test3po.testcases.positivepagelevelcases.RetirementGoalPlannedInvPageTest" tests="7" failures="0" timestamp="27 Jul 2018 01:28:10 GMT" time="139.113" errors="0">
  <testcase name="getUserScreen" time="31.962" classname="com.ey.test3po.testcases.positivepagelevelcases.RetirementGoalPlannedInvPageTest"/>
  <testcase name="getGoalScreen" time="5.255" classname="com.ey.test3po.testcases.positivepagelevelcases.RetirementGoalPlannedInvPageTest"/>
  <testcase name="setGoalQuestionnaire" time="41.646" classname="com.ey.test3po.testcases.positivepagelevelcases.RetirementGoalPlannedInvPageTest"/>
  <testcase name="setGoalImportance" time="5.009" classname="com.ey.test3po.testcases.positivepagelevelcases.RetirementGoalPlannedInvPageTest"/>
  <testcase name="setPlannedMonthlyContribution" time="22.232" classname="com.ey.test3po.testcases.positivepagelevelcases.RetirementGoalPlannedInvPageTest"/>
  <testcase name="verifyScreenContent" time="2.749" classname="com.ey.test3po.testcases.positivepagelevelcases.RetirementGoalPlannedInvPageTest"/>
  <testcase name="setPlannedMonthlyinv" time="30.260" classname="com.ey.test3po.testcases.positivepagelevelcases.RetirementGoalPlannedInvPageTest"/>
</testsuite> <!-- com.ey.test3po.testcases.positivepagelevelcases.RetirementGoalPlannedInvPageTest -->
