<?xml version="1.0" encoding="UTF-8"?>
<!-- Generated by org.testng.reporters.JUnitReportReporter -->
<testsuite skipped="0" hostname="IN2070121W2" name="com.ey.test3po.userjourney.OtherGoalUserSignUpJourneyLessThan55Test" tests="1" failures="0" timestamp="12 Sep 2018 10:43:43 GMT" time="239.298" errors="0">
  <testcase name="otherGoalGoalLessThan55" time="239.298" classname="com.ey.test3po.userjourney.OtherGoalUserSignUpJourneyLessThan55Test"/>
</testsuite> <!-- com.ey.test3po.userjourney.OtherGoalUserSignUpJourneyLessThan55Test -->
