<?xml version="1.0" encoding="UTF-8"?>
<!-- Generated by org.testng.reporters.JUnitReportReporter -->
<testsuite skipped="0" hostname="IN2070121W2" name="com.ey.test3po.testcases.positivepagelevelcases.OtherGoalsInvSuggestionsPageTest" tests="6" failures="0" timestamp="27 Jul 2018 01:49:42 GMT" time="90.051" errors="0">
  <testcase name="getUserScreen" time="31.073" classname="com.ey.test3po.testcases.positivepagelevelcases.OtherGoalsInvSuggestionsPageTest"/>
  <testcase name="getGoalScreen" time="5.976" classname="com.ey.test3po.testcases.positivepagelevelcases.OtherGoalsInvSuggestionsPageTest"/>
  <testcase name="setGoalQuestionnaire" time="24.724" classname="com.ey.test3po.testcases.positivepagelevelcases.OtherGoalsInvSuggestionsPageTest"/>
  <testcase name="setGoalImportance" time="5.044" classname="com.ey.test3po.testcases.positivepagelevelcases.OtherGoalsInvSuggestionsPageTest"/>
  <testcase name="verifyScreenContent" time="9.857" classname="com.ey.test3po.testcases.positivepagelevelcases.OtherGoalsInvSuggestionsPageTest"/>
  <testcase name="setPlannedMonthlyContribution" time="13.377" classname="com.ey.test3po.testcases.positivepagelevelcases.OtherGoalsInvSuggestionsPageTest"/>
</testsuite> <!-- com.ey.test3po.testcases.positivepagelevelcases.OtherGoalsInvSuggestionsPageTest -->
