<?xml version="1.0" encoding="UTF-8"?>
<!-- Generated by org.testng.reporters.JUnitReportReporter -->
<testsuite hostname="IN2070121W2" failures="0" tests="1" name="com.ey.test3po.loginuser.LoginTest" time="94.084" errors="0" timestamp="30 Oct 2018 12:17:34 GMT" skipped="0">
  <testcase classname="com.ey.test3po.loginuser.LoginTest" name="verifyLoginAndLandingPage" time="94.084"/>
</testsuite> <!-- com.ey.test3po.loginuser.LoginTest -->
