<?xml version="1.0" encoding="UTF-8"?>
<!-- Generated by org.testng.reporters.JUnitReportReporter -->
<testsuite skipped="0" hostname="IN2070121W2" name="com.ey.test3po.pagelevel.LargePurchaseGoalImportancePageTest" tests="1" failures="0" timestamp="31 Jul 2018 09:20:17 GMT" time="109.401" errors="0">
  <testcase name="largePurchaseGoalImportance" time="109.401" classname="com.ey.test3po.pagelevel.LargePurchaseGoalImportancePageTest"/>
</testsuite> <!-- com.ey.test3po.pagelevel.LargePurchaseGoalImportancePageTest -->
