<?xml version="1.0" encoding="UTF-8"?>
<!-- Generated by org.testng.reporters.JUnitReportReporter -->
<testsuite skipped="0" hostname="IN2070121W2" name="com.ey.test3po.userjourney.LargePurchaseUserSignUpJourneyMoreThan55Test" tests="7" failures="0" timestamp="18 Aug 2018 09:07:06 GMT" time="2121.695" errors="0">
  <testcase name="largePurchaseGoalMoreThan55" time="335.593" classname="com.ey.test3po.userjourney.LargePurchaseUserSignUpJourneyMoreThan55Test"/>
  <testcase name="largePurchaseGoalMoreThan55" time="258.558" classname="com.ey.test3po.userjourney.LargePurchaseUserSignUpJourneyMoreThan55Test"/>
  <testcase name="largePurchaseGoalMoreThan55" time="279.639" classname="com.ey.test3po.userjourney.LargePurchaseUserSignUpJourneyMoreThan55Test"/>
  <testcase name="largePurchaseGoalMoreThan55" time="402.020" classname="com.ey.test3po.userjourney.LargePurchaseUserSignUpJourneyMoreThan55Test"/>
  <testcase name="largePurchaseGoalMoreThan55" time="281.007" classname="com.ey.test3po.userjourney.LargePurchaseUserSignUpJourneyMoreThan55Test"/>
  <testcase name="largePurchaseGoalMoreThan55" time="267.466" classname="com.ey.test3po.userjourney.LargePurchaseUserSignUpJourneyMoreThan55Test"/>
  <testcase name="largePurchaseGoalMoreThan55" time="297.412" classname="com.ey.test3po.userjourney.LargePurchaseUserSignUpJourneyMoreThan55Test"/>
</testsuite> <!-- com.ey.test3po.userjourney.LargePurchaseUserSignUpJourneyMoreThan55Test -->
