<?xml version="1.0" encoding="UTF-8"?>
<!-- Generated by org.testng.reporters.JUnitReportReporter -->
<testsuite skipped="0" hostname="IN2070121W2" name="com.ey.test3po.testcases.positivepagelevelcases.OtherGoalsAnnualSpendingPageTest" tests="9" failures="0" timestamp="27 Jul 2018 01:59:17 GMT" time="135.828" errors="0">
  <testcase name="getUserScreen" time="31.244" classname="com.ey.test3po.testcases.positivepagelevelcases.OtherGoalsAnnualSpendingPageTest"/>
  <testcase name="getGoalScreen" time="5.056" classname="com.ey.test3po.testcases.positivepagelevelcases.OtherGoalsAnnualSpendingPageTest"/>
  <testcase name="setGoalQuestionnaire" time="26.317" classname="com.ey.test3po.testcases.positivepagelevelcases.OtherGoalsAnnualSpendingPageTest"/>
  <testcase name="setGoalImportance" time="4.920" classname="com.ey.test3po.testcases.positivepagelevelcases.OtherGoalsAnnualSpendingPageTest"/>
  <testcase name="setPlannedMonthlyContribution" time="22.302" classname="com.ey.test3po.testcases.positivepagelevelcases.OtherGoalsAnnualSpendingPageTest"/>
  <testcase name="setPlannedMonthlyinv" time="31.940" classname="com.ey.test3po.testcases.positivepagelevelcases.OtherGoalsAnnualSpendingPageTest"/>
  <testcase name="setDelayInGoal" time="9.588" classname="com.ey.test3po.testcases.positivepagelevelcases.OtherGoalsAnnualSpendingPageTest"/>
  <testcase name="verifyScreenContent" time="3.168" classname="com.ey.test3po.testcases.positivepagelevelcases.OtherGoalsAnnualSpendingPageTest"/>
  <testcase name="signUpTest" time="1.293" classname="com.ey.test3po.testcases.positivepagelevelcases.OtherGoalsAnnualSpendingPageTest"/>
</testsuite> <!-- com.ey.test3po.testcases.positivepagelevelcases.OtherGoalsAnnualSpendingPageTest -->
