<?xml version="1.0" encoding="UTF-8"?>
<!-- Generated by org.testng.reporters.JUnitReportReporter -->
<testsuite skipped="0" hostname="IN2070121W2" name="com.ey.test3po.testcases.positivepagelevelcases.LargePurchaseGoalImportancePageTest" tests="5" failures="0" timestamp="26 Jul 2018 23:59:09 GMT" time="67.016" errors="0">
  <testcase name="getUserScreen" time="31.367" classname="com.ey.test3po.testcases.positivepagelevelcases.LargePurchaseGoalImportancePageTest"/>
  <testcase name="getGoalScreen" time="5.306" classname="com.ey.test3po.testcases.positivepagelevelcases.LargePurchaseGoalImportancePageTest"/>
  <testcase name="setGoalQuestionnaire" time="24.259" classname="com.ey.test3po.testcases.positivepagelevelcases.LargePurchaseGoalImportancePageTest"/>
  <testcase name="verifyScreenContent" time="2.175" classname="com.ey.test3po.testcases.positivepagelevelcases.LargePurchaseGoalImportancePageTest"/>
  <testcase name="setGoalImportance" time="3.909" classname="com.ey.test3po.testcases.positivepagelevelcases.LargePurchaseGoalImportancePageTest"/>
</testsuite> <!-- com.ey.test3po.testcases.positivepagelevelcases.LargePurchaseGoalImportancePageTest -->
