<?xml version="1.0" encoding="UTF-8"?>
<!-- Generated by org.testng.reporters.JUnitReportReporter -->
<testsuite skipped="0" hostname="IN2070121W2" name="com.ey.test3po.pagelevel.LargePurchaseInvSuggestionsPageTest" tests="1" failures="0" timestamp="01 Aug 2018 12:24:44 GMT" time="133.703" errors="0">
  <testcase name="largePurchaseInvSuggestions" time="133.703" classname="com.ey.test3po.pagelevel.LargePurchaseInvSuggestionsPageTest"/>
</testsuite> <!-- com.ey.test3po.pagelevel.LargePurchaseInvSuggestionsPageTest -->
