<?xml version="1.0" encoding="UTF-8"?>
<!-- Generated by org.testng.reporters.JUnitReportReporter -->
<testsuite skipped="0" hostname="IN2070121W2" name="com.ey.test3po.testcases.positivepagelevelcases.LargePurchaseGoalActivityQuestionnairePageTest" tests="1" failures="0" timestamp="28 Jul 2018 09:09:06 GMT" time="59.077" errors="0">
  <testcase name="getGoalScreen" time="59.077" classname="com.ey.test3po.testcases.positivepagelevelcases.LargePurchaseGoalActivityQuestionnairePageTest"/>
</testsuite> <!-- com.ey.test3po.testcases.positivepagelevelcases.LargePurchaseGoalActivityQuestionnairePageTest -->
