<?xml version="1.0" encoding="UTF-8"?>
<!-- Generated by org.testng.reporters.JUnitReportReporter -->
<testsuite skipped="0" hostname="IN2070121W2" name="com.ey.test3po.testcases.positivepagelevelcases.EducationGoalInvSuggestionsPageTest" tests="6" failures="0" timestamp="26 Jul 2018 14:00:28 GMT" time="103.164" errors="0">
  <testcase name="getUserScreen" time="31.704" classname="com.ey.test3po.testcases.positivepagelevelcases.EducationGoalInvSuggestionsPageTest"/>
  <testcase name="getGoalScreen" time="6.915" classname="com.ey.test3po.testcases.positivepagelevelcases.EducationGoalInvSuggestionsPageTest"/>
  <testcase name="setGoalQuestionnaire" time="37.567" classname="com.ey.test3po.testcases.positivepagelevelcases.EducationGoalInvSuggestionsPageTest"/>
  <testcase name="setGoalImportance" time="4.996" classname="com.ey.test3po.testcases.positivepagelevelcases.EducationGoalInvSuggestionsPageTest"/>
  <testcase name="verifyScreenContent" time="6.938" classname="com.ey.test3po.testcases.positivepagelevelcases.EducationGoalInvSuggestionsPageTest"/>
  <testcase name="setPlannedMonthlyContribution" time="15.044" classname="com.ey.test3po.testcases.positivepagelevelcases.EducationGoalInvSuggestionsPageTest"/>
</testsuite> <!-- com.ey.test3po.testcases.positivepagelevelcases.EducationGoalInvSuggestionsPageTest -->
