<?xml version="1.0" encoding="UTF-8"?>
<!-- Generated by org.testng.reporters.JUnitReportReporter -->
<testsuite skipped="0" hostname="IN2070121W2" name="com.ey.test3po.testcases.positivepagelevelcases.RetirementGoalAnnualSpendingPageTest" tests="9" failures="0" timestamp="27 Jul 2018 01:41:43 GMT" time="146.787" errors="0">
  <testcase name="getUserScreen" time="31.584" classname="com.ey.test3po.testcases.positivepagelevelcases.RetirementGoalAnnualSpendingPageTest"/>
  <testcase name="getGoalScreen" time="5.161" classname="com.ey.test3po.testcases.positivepagelevelcases.RetirementGoalAnnualSpendingPageTest"/>
  <testcase name="setGoalQuestionnaire" time="37.831" classname="com.ey.test3po.testcases.positivepagelevelcases.RetirementGoalAnnualSpendingPageTest"/>
  <testcase name="setGoalImportance" time="4.880" classname="com.ey.test3po.testcases.positivepagelevelcases.RetirementGoalAnnualSpendingPageTest"/>
  <testcase name="setPlannedMonthlyContribution" time="22.468" classname="com.ey.test3po.testcases.positivepagelevelcases.RetirementGoalAnnualSpendingPageTest"/>
  <testcase name="setPlannedMonthlyinv" time="29.910" classname="com.ey.test3po.testcases.positivepagelevelcases.RetirementGoalAnnualSpendingPageTest"/>
  <testcase name="setDelayInGoal" time="10.271" classname="com.ey.test3po.testcases.positivepagelevelcases.RetirementGoalAnnualSpendingPageTest"/>
  <testcase name="verifyScreenContent" time="3.402" classname="com.ey.test3po.testcases.positivepagelevelcases.RetirementGoalAnnualSpendingPageTest"/>
  <testcase name="signUpTest" time="1.280" classname="com.ey.test3po.testcases.positivepagelevelcases.RetirementGoalAnnualSpendingPageTest"/>
</testsuite> <!-- com.ey.test3po.testcases.positivepagelevelcases.RetirementGoalAnnualSpendingPageTest -->
