<?xml version="1.0" encoding="UTF-8"?>
<!-- Generated by org.testng.reporters.JUnitReportReporter -->
<testsuite skipped="0" hostname="IN2070121W2" name="com.ey.test3po.testcases.negativepagelevelcases.LargePurchasePlannedInvPageNegativeTest" tests="6" failures="0" timestamp="23 Jul 2018 13:09:24 GMT" time="92.130" errors="0">
  <testcase name="getUserScreen" time="31.888" classname="com.ey.test3po.testcases.negativepagelevelcases.LargePurchasePlannedInvPageNegativeTest"/>
  <testcase name="getGoalScreen" time="1.749" classname="com.ey.test3po.testcases.negativepagelevelcases.LargePurchasePlannedInvPageNegativeTest"/>
  <testcase name="setGoalQuestionnaire" time="25.840" classname="com.ey.test3po.testcases.negativepagelevelcases.LargePurchasePlannedInvPageNegativeTest"/>
  <testcase name="setGoalImportance" time="4.143" classname="com.ey.test3po.testcases.negativepagelevelcases.LargePurchasePlannedInvPageNegativeTest"/>
  <testcase name="setPlannedMonthlyContribution" time="23.499" classname="com.ey.test3po.testcases.negativepagelevelcases.LargePurchasePlannedInvPageNegativeTest"/>
  <testcase name="verifyPageLevelErrorMsg" time="5.011" classname="com.ey.test3po.testcases.negativepagelevelcases.LargePurchasePlannedInvPageNegativeTest"/>
</testsuite> <!-- com.ey.test3po.testcases.negativepagelevelcases.LargePurchasePlannedInvPageNegativeTest -->
