<?xml version="1.0" encoding="UTF-8"?>
<!-- Generated by org.testng.reporters.JUnitReportReporter -->
<testsuite skipped="0" hostname="IN2070121W2" name="com.ey.test3po.userjourney.OtherGoalUserSignUpJourneyMoreThan55Test" tests="7" failures="0" timestamp="18 Aug 2018 16:21:18 GMT" time="2094.495" errors="0">
  <testcase name="otherGoalGoalMoreThan55" time="323.273" classname="com.ey.test3po.userjourney.OtherGoalUserSignUpJourneyMoreThan55Test"/>
  <testcase name="otherGoalGoalMoreThan55" time="289.125" classname="com.ey.test3po.userjourney.OtherGoalUserSignUpJourneyMoreThan55Test"/>
  <testcase name="otherGoalGoalMoreThan55" time="383.428" classname="com.ey.test3po.userjourney.OtherGoalUserSignUpJourneyMoreThan55Test"/>
  <testcase name="otherGoalGoalMoreThan55" time="344.940" classname="com.ey.test3po.userjourney.OtherGoalUserSignUpJourneyMoreThan55Test"/>
  <testcase name="otherGoalGoalMoreThan55" time="243.603" classname="com.ey.test3po.userjourney.OtherGoalUserSignUpJourneyMoreThan55Test"/>
  <testcase name="otherGoalGoalMoreThan55" time="338.522" classname="com.ey.test3po.userjourney.OtherGoalUserSignUpJourneyMoreThan55Test"/>
  <testcase name="otherGoalGoalMoreThan55" time="171.604" classname="com.ey.test3po.userjourney.OtherGoalUserSignUpJourneyMoreThan55Test"/>
</testsuite> <!-- com.ey.test3po.userjourney.OtherGoalUserSignUpJourneyMoreThan55Test -->
