<?xml version="1.0" encoding="UTF-8"?>
<!-- Generated by org.testng.reporters.JUnitReportReporter -->
<testsuite skipped="0" hostname="IN2070121W2" name="com.ey.test3po.pagelevel.LargePurchasePlannedInvPageTest" tests="1" failures="0" timestamp="02 Aug 2018 07:47:14 GMT" time="202.509" errors="0">
  <testcase name="largePurchasePlannedInv" time="202.509" classname="com.ey.test3po.pagelevel.LargePurchasePlannedInvPageTest"/>
</testsuite> <!-- com.ey.test3po.pagelevel.LargePurchasePlannedInvPageTest -->
