<?xml version="1.0" encoding="UTF-8"?>
<!-- Generated by org.testng.reporters.JUnitReportReporter -->
<testsuite skipped="0" hostname="IN2070121W2" name="com.ey.test3po.negativecases.EducationGoalActivityQuestionnairePageNegativeTest" tests="1" failures="0" timestamp="28 Jul 2018 13:15:13 GMT" time="165.934" errors="0">
  <testcase name="educationGoalActivityQuestionnairePageNegativeTest" time="165.934" classname="com.ey.test3po.negativecases.EducationGoalActivityQuestionnairePageNegativeTest"/>
</testsuite> <!-- com.ey.test3po.negativecases.EducationGoalActivityQuestionnairePageNegativeTest -->
