<?xml version="1.0" encoding="UTF-8"?>
<!-- Generated by org.testng.reporters.JUnitReportReporter -->
<testsuite skipped="0" hostname="IN2070121W2" name="com.ey.test3po.testcases.pagelevel.UserProfilePageTest" tests="2" failures="0" timestamp="21 Jul 2018 11:21:06 GMT" time="34.461" errors="0">
  <testcase name="verifyScreenContent" time="3.456" classname="com.ey.test3po.testcases.pagelevel.UserProfilePageTest"/>
  <testcase name="setUserprofile" time="31.005" classname="com.ey.test3po.testcases.pagelevel.UserProfilePageTest"/>
</testsuite> <!-- com.ey.test3po.testcases.pagelevel.UserProfilePageTest -->
