<?xml version="1.0" encoding="UTF-8"?>
<!-- Generated by org.testng.reporters.JUnitReportReporter -->
<testsuite skipped="0" hostname="IN2070121W2" name="com.ey.test3po.pagelevel.OtherGoalsInvSuggestionsPageTest" tests="1" failures="0" timestamp="31 Jul 2018 07:02:51 GMT" time="127.058" errors="0">
  <testcase name="otherGoalsInvSuggestions" time="127.058" classname="com.ey.test3po.pagelevel.OtherGoalsInvSuggestionsPageTest"/>
</testsuite> <!-- com.ey.test3po.pagelevel.OtherGoalsInvSuggestionsPageTest -->
