<?xml version="1.0" encoding="UTF-8"?>
<!-- Generated by org.testng.reporters.JUnitReportReporter -->
<testsuite skipped="0" hostname="IN2070121W2" name="com.ey.test3po.testcases.positivepagelevelcases.EmergencyFundAnnualSpendingPageTest" tests="6" failures="0" timestamp="26 Jul 2018 16:45:32 GMT" time="90.317" errors="0">
  <testcase name="getUserScreen" time="31.763" classname="com.ey.test3po.testcases.positivepagelevelcases.EmergencyFundAnnualSpendingPageTest"/>
  <testcase name="getGoalScreen" time="4.630" classname="com.ey.test3po.testcases.positivepagelevelcases.EmergencyFundAnnualSpendingPageTest"/>
  <testcase name="setGoalQuestionnaire" time="23.681" classname="com.ey.test3po.testcases.positivepagelevelcases.EmergencyFundAnnualSpendingPageTest"/>
  <testcase name="setPlannedMonthlyinv" time="26.196" classname="com.ey.test3po.testcases.positivepagelevelcases.EmergencyFundAnnualSpendingPageTest"/>
  <testcase name="verifyScreenContent" time="2.953" classname="com.ey.test3po.testcases.positivepagelevelcases.EmergencyFundAnnualSpendingPageTest"/>
  <testcase name="signUpTest" time="1.094" classname="com.ey.test3po.testcases.positivepagelevelcases.EmergencyFundAnnualSpendingPageTest"/>
</testsuite> <!-- com.ey.test3po.testcases.positivepagelevelcases.EmergencyFundAnnualSpendingPageTest -->
