<?xml version="1.0" encoding="UTF-8"?>
<!-- Generated by org.testng.reporters.JUnitReportReporter -->
<testsuite skipped="0" hostname="IN2070121W2" name="com.ey.test3po.testcases.testclass" tests="1" failures="0" timestamp="04 Jul 2018 05:38:15 GMT" time="0.028" errors="0">
  <testcase name="test" time="0.028" classname="com.ey.test3po.testcases.testclass"/>
</testsuite> <!-- com.ey.test3po.testcases.testclass -->
