<?xml version="1.0" encoding="UTF-8"?>
<!-- Generated by org.testng.reporters.JUnitReportReporter -->
<testsuite skipped="0" hostname="IN2070121W2" name="com.ey.test3po.pagelevel.RetirementGoalActivityQuestionnairePageTest" tests="1" failures="0" timestamp="31 Jul 2018 07:36:43 GMT" time="133.268" errors="0">
  <testcase name="retirementGoalActivityQuestionnaire" time="133.268" classname="com.ey.test3po.pagelevel.RetirementGoalActivityQuestionnairePageTest"/>
</testsuite> <!-- com.ey.test3po.pagelevel.RetirementGoalActivityQuestionnairePageTest -->
