<?xml version="1.0" encoding="UTF-8"?>
<!-- Generated by org.testng.reporters.JUnitReportReporter -->
<testsuite skipped="0" hostname="IN2070121W2" name="com.ey.test3po.testcases.positivepagelevelcases.OtherGoalsPlannedInvPageTest" tests="7" failures="0" timestamp="27 Jul 2018 01:52:39 GMT" time="126.290" errors="0">
  <testcase name="getUserScreen" time="31.509" classname="com.ey.test3po.testcases.positivepagelevelcases.OtherGoalsPlannedInvPageTest"/>
  <testcase name="getGoalScreen" time="5.189" classname="com.ey.test3po.testcases.positivepagelevelcases.OtherGoalsPlannedInvPageTest"/>
  <testcase name="setGoalQuestionnaire" time="26.405" classname="com.ey.test3po.testcases.positivepagelevelcases.OtherGoalsPlannedInvPageTest"/>
  <testcase name="setGoalImportance" time="4.974" classname="com.ey.test3po.testcases.positivepagelevelcases.OtherGoalsPlannedInvPageTest"/>
  <testcase name="setPlannedMonthlyContribution" time="24.587" classname="com.ey.test3po.testcases.positivepagelevelcases.OtherGoalsPlannedInvPageTest"/>
  <testcase name="verifyScreenContent" time="2.385" classname="com.ey.test3po.testcases.positivepagelevelcases.OtherGoalsPlannedInvPageTest"/>
  <testcase name="setPlannedMonthlyinv" time="31.241" classname="com.ey.test3po.testcases.positivepagelevelcases.OtherGoalsPlannedInvPageTest"/>
</testsuite> <!-- com.ey.test3po.testcases.positivepagelevelcases.OtherGoalsPlannedInvPageTest -->
