<?xml version="1.0" encoding="UTF-8"?>
<!-- Generated by org.testng.reporters.JUnitReportReporter -->
<testsuite skipped="0" hostname="IN2070121W2" name="com.ey.test3po.pagelevel.UserProfilePageTest" tests="1" failures="0" timestamp="13 Aug 2018 06:11:15 GMT" time="81.870" errors="0">
  <testcase name="setUserprofile" time="81.870" classname="com.ey.test3po.pagelevel.UserProfilePageTest"/>
</testsuite> <!-- com.ey.test3po.pagelevel.UserProfilePageTest -->
