<?xml version="1.0" encoding="UTF-8"?>
<!-- Generated by org.testng.reporters.JUnitReportReporter -->
<testsuite skipped="0" hostname="IN2070121W2" name="com.ey.test3po.testcases.pagelevel.GoalSelectionPageTest" tests="3" failures="0" timestamp="21 Jul 2018 10:52:37 GMT" time="55.694" errors="0">
  <testcase name="setUserProfileQuestionnaire" time="46.514" classname="com.ey.test3po.testcases.pagelevel.GoalSelectionPageTest"/>
  <testcase name="verifyScreenContent" time="7.668" classname="com.ey.test3po.testcases.pagelevel.GoalSelectionPageTest"/>
  <testcase name="setUserGoal" time="1.512" classname="com.ey.test3po.testcases.pagelevel.GoalSelectionPageTest"/>
</testsuite> <!-- com.ey.test3po.testcases.pagelevel.GoalSelectionPageTest -->
