<?xml version="1.0" encoding="UTF-8"?>
<!-- Generated by org.testng.reporters.JUnitReportReporter -->
<testsuite skipped="0" hostname="IN2070121W2" name="com.ey.test3po.pagelevel.OtherGoalsActivityQuestionnairePageTest" tests="1" failures="0" timestamp="31 Jul 2018 06:53:34 GMT" time="129.381" errors="0">
  <testcase name="otherGoalsActivityQuestionnaire" time="129.381" classname="com.ey.test3po.pagelevel.OtherGoalsActivityQuestionnairePageTest"/>
</testsuite> <!-- com.ey.test3po.pagelevel.OtherGoalsActivityQuestionnairePageTest -->
