<?xml version="1.0" encoding="UTF-8"?>
<!-- Generated by org.testng.reporters.JUnitReportReporter -->
<testsuite skipped="0" hostname="IN2070121W2" name="com.ey.test3po.pagelevel.OtherGaolsPlannedDelayInGoalPageTest" tests="1" failures="0" timestamp="31 Jul 2018 07:28:24 GMT" time="230.345" errors="0">
  <testcase name="otherGaolsPlannedDelayInGoal" time="230.345" classname="com.ey.test3po.pagelevel.OtherGaolsPlannedDelayInGoalPageTest"/>
</testsuite> <!-- com.ey.test3po.pagelevel.OtherGaolsPlannedDelayInGoalPageTest -->
