<?xml version="1.0" encoding="UTF-8"?>
<!-- Generated by org.testng.reporters.JUnitReportReporter -->
<testsuite skipped="0" hostname="IN2070121W2" name="com.ey.test3po.pagelevellessthan55.GoalSelectionPageTest" tests="1" failures="0" timestamp="17 Aug 2018 11:15:43 GMT" time="75.642" errors="0">
  <testcase name="goalSelection" time="75.642" classname="com.ey.test3po.pagelevellessthan55.GoalSelectionPageTest"/>
</testsuite> <!-- com.ey.test3po.pagelevellessthan55.GoalSelectionPageTest -->
