<?xml version="1.0" encoding="UTF-8"?>
<!-- Generated by org.testng.reporters.JUnitReportReporter -->
<testsuite skipped="0" hostname="IN2070121W2" name="com.ey.test3po.testcases.positivepagelevelcases.RetirementGoalImportancePageTest" tests="5" failures="0" timestamp="27 Jul 2018 01:17:33 GMT" time="87.096" errors="0">
  <testcase name="getUserScreen" time="31.986" classname="com.ey.test3po.testcases.positivepagelevelcases.RetirementGoalImportancePageTest"/>
  <testcase name="getGoalScreen" time="5.333" classname="com.ey.test3po.testcases.positivepagelevelcases.RetirementGoalImportancePageTest"/>
  <testcase name="setGoalQuestionnaire" time="36.449" classname="com.ey.test3po.testcases.positivepagelevelcases.RetirementGoalImportancePageTest"/>
  <testcase name="verifyScreenContent" time="2.477" classname="com.ey.test3po.testcases.positivepagelevelcases.RetirementGoalImportancePageTest"/>
  <testcase name="setGoalImportance" time="10.851" classname="com.ey.test3po.testcases.positivepagelevelcases.RetirementGoalImportancePageTest"/>
</testsuite> <!-- com.ey.test3po.testcases.positivepagelevelcases.RetirementGoalImportancePageTest -->
