<?xml version="1.0" encoding="UTF-8"?>
<!-- Generated by org.testng.reporters.JUnitReportReporter -->
<testsuite skipped="0" hostname="IN2070121W2" name="com.ey.test3po.testcases.positivepagelevelcases.LargePurchaseGoalActivityQuestionnairePageTest2" tests="1" failures="0" timestamp="27 Jul 2018 17:45:10 GMT" time="64.972" errors="0">
  <testcase name="getGoalScreen" time="64.972" classname="com.ey.test3po.testcases.positivepagelevelcases.LargePurchaseGoalActivityQuestionnairePageTest2"/>
</testsuite> <!-- com.ey.test3po.testcases.positivepagelevelcases.LargePurchaseGoalActivityQuestionnairePageTest2 -->
