<?xml version="1.0" encoding="UTF-8"?>
<!-- Generated by org.testng.reporters.JUnitReportReporter -->
<testsuite skipped="0" hostname="IN2070121W2" name="com.ey.test3po.pagelevel.EducationGoalInvSuggestionsPageTest" tests="1" failures="0" timestamp="31 Jul 2018 06:08:22 GMT" time="171.036" errors="0">
  <testcase name="educationGoalInvSuggestions" time="171.036" classname="com.ey.test3po.pagelevel.EducationGoalInvSuggestionsPageTest"/>
</testsuite> <!-- com.ey.test3po.pagelevel.EducationGoalInvSuggestionsPageTest -->
