<?xml version="1.0" encoding="UTF-8"?>
<!-- Generated by org.testng.reporters.JUnitReportReporter -->
<testsuite skipped="0" hostname="IN2070121W2" name="com.ey.test3po.testcases.positivepagelevelcases.EducationGoalImportancePageTest" tests="5" failures="0" timestamp="26 Jul 2018 13:26:41 GMT" time="85.431" errors="0">
  <testcase name="getUserScreen" time="31.439" classname="com.ey.test3po.testcases.positivepagelevelcases.EducationGoalImportancePageTest"/>
  <testcase name="getGoalScreen" time="6.761" classname="com.ey.test3po.testcases.positivepagelevelcases.EducationGoalImportancePageTest"/>
  <testcase name="setGoalQuestionnaire" time="41.206" classname="com.ey.test3po.testcases.positivepagelevelcases.EducationGoalImportancePageTest"/>
  <testcase name="verifyScreenContent" time="2.147" classname="com.ey.test3po.testcases.positivepagelevelcases.EducationGoalImportancePageTest"/>
  <testcase name="setGoalImportance" time="3.878" classname="com.ey.test3po.testcases.positivepagelevelcases.EducationGoalImportancePageTest"/>
</testsuite> <!-- com.ey.test3po.testcases.positivepagelevelcases.EducationGoalImportancePageTest -->
