<?xml version="1.0" encoding="UTF-8"?>
<!-- Generated by org.testng.reporters.JUnitReportReporter -->
<testsuite skipped="0" hostname="IN2070121W2" name="com.ey.test3po.pagelevel.RetirementGoalInvSuggestionsPageTest" tests="1" failures="0" timestamp="31 Jul 2018 07:44:56 GMT" time="132.892" errors="0">
  <testcase name="retirementGoalInvSuggestions" time="132.892" classname="com.ey.test3po.pagelevel.RetirementGoalInvSuggestionsPageTest"/>
</testsuite> <!-- com.ey.test3po.pagelevel.RetirementGoalInvSuggestionsPageTest -->
