<?xml version="1.0" encoding="UTF-8"?>
<!-- Generated by org.testng.reporters.JUnitReportReporter -->
<testsuite skipped="0" hostname="IN2070121W2" name="com.ey.test3po.userjourney.EducationGoalUserSignUpJourneyLessThan55Test" tests="5" failures="0" timestamp="18 Aug 2018 06:27:31 GMT" time="1152.977" errors="0">
  <testcase name="educationGoalLessThan55" time="311.612" classname="com.ey.test3po.userjourney.EducationGoalUserSignUpJourneyLessThan55Test"/>
  <testcase name="educationGoalLessThan55" time="254.458" classname="com.ey.test3po.userjourney.EducationGoalUserSignUpJourneyLessThan55Test"/>
  <testcase name="educationGoalLessThan55" time="193.552" classname="com.ey.test3po.userjourney.EducationGoalUserSignUpJourneyLessThan55Test"/>
  <testcase name="educationGoalLessThan55" time="189.564" classname="com.ey.test3po.userjourney.EducationGoalUserSignUpJourneyLessThan55Test"/>
  <testcase name="educationGoalLessThan55" time="203.791" classname="com.ey.test3po.userjourney.EducationGoalUserSignUpJourneyLessThan55Test"/>
</testsuite> <!-- com.ey.test3po.userjourney.EducationGoalUserSignUpJourneyLessThan55Test -->
