<?xml version="1.0" encoding="UTF-8"?>
<!-- Generated by org.testng.reporters.JUnitReportReporter -->
<testsuite skipped="2" hostname="IN2070121W2" name="com.ey.test3po.userjourney.RetirementGoalUserSignUpJourneyMoreThan55Test" tests="20" failures="0" timestamp="22 Aug 2018 03:13:21 GMT" time="5423.266" errors="0">
  <testcase name="retirementGoalMoreThan55" time="212.998" classname="com.ey.test3po.userjourney.RetirementGoalUserSignUpJourneyMoreThan55Test"/>
  <testcase name="retirementGoalMoreThan55" time="289.646" classname="com.ey.test3po.userjourney.RetirementGoalUserSignUpJourneyMoreThan55Test"/>
  <testcase name="retirementGoalMoreThan55" time="309.132" classname="com.ey.test3po.userjourney.RetirementGoalUserSignUpJourneyMoreThan55Test"/>
  <testcase name="retirementGoalMoreThan55" time="178.175" classname="com.ey.test3po.userjourney.RetirementGoalUserSignUpJourneyMoreThan55Test"/>
  <testcase name="retirementGoalMoreThan55" time="386.908" classname="com.ey.test3po.userjourney.RetirementGoalUserSignUpJourneyMoreThan55Test"/>
  <testcase name="retirementGoalMoreThan55" time="251.057" classname="com.ey.test3po.userjourney.RetirementGoalUserSignUpJourneyMoreThan55Test">
    <skipped/>
  </testcase> <!-- retirementGoalMoreThan55 -->
  <testcase name="retirementGoalMoreThan55" time="229.040" classname="com.ey.test3po.userjourney.RetirementGoalUserSignUpJourneyMoreThan55Test"/>
  <testcase name="retirementGoalMoreThan55" time="261.229" classname="com.ey.test3po.userjourney.RetirementGoalUserSignUpJourneyMoreThan55Test"/>
  <testcase name="retirementGoalMoreThan55" time="376.031" classname="com.ey.test3po.userjourney.RetirementGoalUserSignUpJourneyMoreThan55Test"/>
  <testcase name="retirementGoalMoreThan55" time="285.769" classname="com.ey.test3po.userjourney.RetirementGoalUserSignUpJourneyMoreThan55Test"/>
  <testcase name="retirementGoalMoreThan55" time="259.095" classname="com.ey.test3po.userjourney.RetirementGoalUserSignUpJourneyMoreThan55Test"/>
  <testcase name="retirementGoalMoreThan55" time="291.642" classname="com.ey.test3po.userjourney.RetirementGoalUserSignUpJourneyMoreThan55Test"/>
  <testcase name="retirementGoalMoreThan55" time="236.193" classname="com.ey.test3po.userjourney.RetirementGoalUserSignUpJourneyMoreThan55Test"/>
  <testcase name="retirementGoalMoreThan55" time="339.219" classname="com.ey.test3po.userjourney.RetirementGoalUserSignUpJourneyMoreThan55Test"/>
  <testcase name="retirementGoalMoreThan55" time="266.179" classname="com.ey.test3po.userjourney.RetirementGoalUserSignUpJourneyMoreThan55Test"/>
  <testcase name="retirementGoalMoreThan55" time="370.913" classname="com.ey.test3po.userjourney.RetirementGoalUserSignUpJourneyMoreThan55Test"/>
  <testcase name="retirementGoalMoreThan55" time="227.419" classname="com.ey.test3po.userjourney.RetirementGoalUserSignUpJourneyMoreThan55Test"/>
  <testcase name="retirementGoalMoreThan55" time="353.503" classname="com.ey.test3po.userjourney.RetirementGoalUserSignUpJourneyMoreThan55Test"/>
  <testcase name="retirementGoalMoreThan55" time="147.340" classname="com.ey.test3po.userjourney.RetirementGoalUserSignUpJourneyMoreThan55Test">
    <skipped/>
  </testcase> <!-- retirementGoalMoreThan55 -->
  <testcase name="retirementGoalMoreThan55" time="151.778" classname="com.ey.test3po.userjourney.RetirementGoalUserSignUpJourneyMoreThan55Test"/>
</testsuite> <!-- com.ey.test3po.userjourney.RetirementGoalUserSignUpJourneyMoreThan55Test -->
