<?xml version="1.0" encoding="UTF-8"?>
<!-- Generated by org.testng.reporters.JUnitReportReporter -->
<testsuite skipped="0" hostname="IN2070121W2" name="com.ey.test3po.pages.test" tests="1" failures="0" timestamp="01 Aug 2018 10:42:49 GMT" time="56.589" errors="0">
  <testcase name="valtest" time="56.589" classname="com.ey.test3po.pages.test"/>
</testsuite> <!-- com.ey.test3po.pages.test -->
