<?xml version="1.0" encoding="UTF-8"?>
<!-- Generated by org.testng.reporters.JUnitReportReporter -->
<testsuite skipped="0" hostname="IN2070121W2" name="com.ey.test3po.testcases.negativepagelevelcases.OtherGoalsActivityQuestionnairePageNegativeTest" tests="4" failures="0" timestamp="27 Jul 2018 02:52:03 GMT" time="116.020" errors="0">
  <testcase name="getUserScreen" time="32.568" classname="com.ey.test3po.testcases.negativepagelevelcases.OtherGoalsActivityQuestionnairePageNegativeTest"/>
  <testcase name="getGoalScreen" time="5.065" classname="com.ey.test3po.testcases.negativepagelevelcases.OtherGoalsActivityQuestionnairePageNegativeTest"/>
  <testcase name="verifyPageLevelErrorMsg" time="5.977" classname="com.ey.test3po.testcases.negativepagelevelcases.OtherGoalsActivityQuestionnairePageNegativeTest"/>
  <testcase name="verifyFieldLevelErrorMsg" time="72.410" classname="com.ey.test3po.testcases.negativepagelevelcases.OtherGoalsActivityQuestionnairePageNegativeTest"/>
</testsuite> <!-- com.ey.test3po.testcases.negativepagelevelcases.OtherGoalsActivityQuestionnairePageNegativeTest -->
