<?xml version="1.0" encoding="UTF-8"?>
<!-- Generated by org.testng.reporters.JUnitReportReporter -->
<testsuite skipped="0" hostname="IN2070121W2" name="com.ey.test3po.testcases.positivepagelevelcases.SplashPageTest" tests="1" failures="0" timestamp="28 Jul 2018 08:57:06 GMT" time="3.744" errors="0">
  <testcase name="landingPageLogoTest" time="3.744" classname="com.ey.test3po.testcases.positivepagelevelcases.SplashPageTest"/>
</testsuite> <!-- com.ey.test3po.testcases.positivepagelevelcases.SplashPageTest -->
