<?xml version="1.0" encoding="UTF-8"?>
<!-- Generated by org.testng.reporters.JUnitReportReporter -->
<testsuite skipped="0" hostname="IN2070121W2" name="com.ey.test3po.pages.test1" tests="2" failures="0" timestamp="25 Jul 2018 16:43:05 GMT" time="85.618" errors="0">
  <testcase name="verifyScreenContent" time="3.582" classname="com.ey.test3po.pages.test1"/>
  <testcase name="setUserprofile" time="82.036" classname="com.ey.test3po.pages.test1"/>
</testsuite> <!-- com.ey.test3po.pages.test1 -->
