<?xml version="1.0" encoding="UTF-8"?>
<!-- Generated by org.testng.reporters.JUnitReportReporter -->
<testsuite skipped="0" hostname="IN2070121W2" name="com.ey.test3po.testcases.negativepagelevelcases.LargePurchaseGoalActivityQuestionnairePageNegativeTest" tests="4" failures="0" timestamp="27 Jul 2018 02:59:28 GMT" time="123.041" errors="0">
  <testcase name="getUserScreen" time="31.447" classname="com.ey.test3po.testcases.negativepagelevelcases.LargePurchaseGoalActivityQuestionnairePageNegativeTest"/>
  <testcase name="getGoalScreen" time="5.132" classname="com.ey.test3po.testcases.negativepagelevelcases.LargePurchaseGoalActivityQuestionnairePageNegativeTest"/>
  <testcase name="verifyPageLevelErrorMsg" time="6.072" classname="com.ey.test3po.testcases.negativepagelevelcases.LargePurchaseGoalActivityQuestionnairePageNegativeTest"/>
  <testcase name="verifyFieldLevelErrorMsg" time="80.390" classname="com.ey.test3po.testcases.negativepagelevelcases.LargePurchaseGoalActivityQuestionnairePageNegativeTest"/>
</testsuite> <!-- com.ey.test3po.testcases.negativepagelevelcases.LargePurchaseGoalActivityQuestionnairePageNegativeTest -->
