<?xml version="1.0" encoding="UTF-8"?>
<!-- Generated by org.testng.reporters.JUnitReportReporter -->
<testsuite skipped="0" hostname="IN2070121W2" name="com.ey.test3po.userjourney.OtherGoalUserSignUpJourneyLessThan55Test" tests="7" failures="0" timestamp="17 Aug 2018 03:04:05 GMT" time="1622.684" errors="0">
  <testcase name="otherGoalGoalLessThan55" time="230.003" classname="com.ey.test3po.userjourney.OtherGoalUserSignUpJourneyLessThan55Test"/>
  <testcase name="otherGoalGoalLessThan55" time="256.387" classname="com.ey.test3po.userjourney.OtherGoalUserSignUpJourneyLessThan55Test"/>
  <testcase name="otherGoalGoalLessThan55" time="218.243" classname="com.ey.test3po.userjourney.OtherGoalUserSignUpJourneyLessThan55Test"/>
  <testcase name="otherGoalGoalLessThan55" time="349.633" classname="com.ey.test3po.userjourney.OtherGoalUserSignUpJourneyLessThan55Test"/>
  <testcase name="otherGoalGoalLessThan55" time="230.093" classname="com.ey.test3po.userjourney.OtherGoalUserSignUpJourneyLessThan55Test"/>
  <testcase name="otherGoalGoalLessThan55" time="127.674" classname="com.ey.test3po.userjourney.OtherGoalUserSignUpJourneyLessThan55Test"/>
  <testcase name="otherGoalGoalLessThan55" time="210.651" classname="com.ey.test3po.userjourney.OtherGoalUserSignUpJourneyLessThan55Test"/>
</testsuite> <!-- com.ey.test3po.userjourney.OtherGoalUserSignUpJourneyLessThan55Test -->
