<?xml version="1.0" encoding="UTF-8"?>
<!-- Generated by org.testng.reporters.JUnitReportReporter -->
<testsuite skipped="0" hostname="IN2070121W2" name="com.ey.test3po.pagelevel.EducationGoalActivityQuestionnairePageTest" tests="1" failures="0" timestamp="31 Jul 2018 05:46:35 GMT" time="116.921" errors="0">
  <testcase name="educationGoalActivityQuestionnaire" time="116.921" classname="com.ey.test3po.pagelevel.EducationGoalActivityQuestionnairePageTest"/>
</testsuite> <!-- com.ey.test3po.pagelevel.EducationGoalActivityQuestionnairePageTest -->
