<?xml version="1.0" encoding="UTF-8"?>
<!-- Generated by org.testng.reporters.JUnitReportReporter -->
<testsuite skipped="0" hostname="IN2070121W2" name="com.ey.test3po.testcases.positivepagelevelcases.OtherGoalsImportancePageTest" tests="5" failures="0" timestamp="27 Jul 2018 00:31:20 GMT" time="68.463" errors="0">
  <testcase name="getUserScreen" time="32.318" classname="com.ey.test3po.testcases.positivepagelevelcases.OtherGoalsImportancePageTest"/>
  <testcase name="getGoalScreen" time="5.142" classname="com.ey.test3po.testcases.positivepagelevelcases.OtherGoalsImportancePageTest"/>
  <testcase name="setGoalQuestionnaire" time="24.825" classname="com.ey.test3po.testcases.positivepagelevelcases.OtherGoalsImportancePageTest"/>
  <testcase name="verifyScreenContent" time="2.250" classname="com.ey.test3po.testcases.positivepagelevelcases.OtherGoalsImportancePageTest"/>
  <testcase name="setGoalImportance" time="3.928" classname="com.ey.test3po.testcases.positivepagelevelcases.OtherGoalsImportancePageTest"/>
</testsuite> <!-- com.ey.test3po.testcases.positivepagelevelcases.OtherGoalsImportancePageTest -->
