<?xml version="1.0" encoding="UTF-8"?>
<!-- Generated by org.testng.reporters.JUnitReportReporter -->
<testsuite skipped="0" hostname="IN2070121W2" name="com.ey.test3po.pagelevel.RetirementGoalImportancePageTest" tests="1" failures="0" timestamp="31 Jul 2018 07:40:24 GMT" time="142.876" errors="0">
  <testcase name="retirementGoalImportance" time="142.876" classname="com.ey.test3po.pagelevel.RetirementGoalImportancePageTest"/>
</testsuite> <!-- com.ey.test3po.pagelevel.RetirementGoalImportancePageTest -->
