<?xml version="1.0" encoding="UTF-8"?>
<!-- Generated by org.testng.reporters.JUnitReportReporter -->
<testsuite skipped="0" hostname="IN2070121W2" name="com.ey.test3po.userjourney.RetirementGoalUserSignUpJourneyLessThan55Test" tests="6" failures="0" timestamp="17 Aug 2018 06:12:59 GMT" time="1555.223" errors="1">
  <testcase name="retirementGoalAnnualSpending" time="252.896" classname="com.ey.test3po.userjourney.RetirementGoalUserSignUpJourneyLessThan55Test"/>
  <testcase name="retirementGoalAnnualSpending" time="222.140" classname="com.ey.test3po.userjourney.RetirementGoalUserSignUpJourneyLessThan55Test"/>
  <testcase name="retirementGoalAnnualSpending" time="347.596" classname="com.ey.test3po.userjourney.RetirementGoalUserSignUpJourneyLessThan55Test"/>
  <testcase name="retirementGoalAnnualSpending" time="220.342" classname="com.ey.test3po.userjourney.RetirementGoalUserSignUpJourneyLessThan55Test"/>
  <testcase name="retirementGoalAnnualSpending" time="294.898" classname="com.ey.test3po.userjourney.RetirementGoalUserSignUpJourneyLessThan55Test"/>
  <testcase name="retirementGoalAnnualSpending" time="217.351" classname="com.ey.test3po.userjourney.RetirementGoalUserSignUpJourneyLessThan55Test">
    <error type="org.openqa.selenium.NoSuchElementException" message="An element could not be located on the page using the given search parameters.
For documentation on this error, please visit: http://seleniumhq.org/exceptions/no_such_element.html
Build info: version: &#039;3.13.0&#039;, revision: &#039;2f0d292&#039;, time: &#039;2018-06-25T15:24:21.231Z&#039;
System info: host: &#039;IN2070121W2&#039;, ip: &#039;10.180.138.118&#039;, os.name: &#039;Windows 10&#039;, os.arch: &#039;amd64&#039;, os.version: &#039;10.0&#039;, java.version: &#039;1.8.0_171&#039;
Driver info: io.appium.java_client.android.AndroidDriver
Capabilities {appActivity: com.eygsskpoc.ey3po.activit..., appPackage: com.eygsskpoc.ey3po, databaseEnabled: false, desired: {appActivity: com.eygsskpoc.ey3po.activit..., appPackage: com.eygsskpoc.ey3po, deviceName: 92010457a0ce2315, noReset: true, platformName: android, resetKeyboard: true, unicodeKeyboard: true, version: 5.1.1}, deviceManufacturer: samsung, deviceModel: SM-J200G, deviceName: 92010457a0ce2315, deviceScreenSize: 540x960, deviceUDID: 92010457a0ce2315, javascriptEnabled: true, locationContextEnabled: false, networkConnectionEnabled: true, noReset: true, platform: LINUX, platformName: Android, platformVersion: 5.1.1, resetKeyboard: true, takesScreenshot: true, unicodeKeyboard: true, version: 5.1.1, warnings: {}, webStorageEnabled: false}
Session ID: f2f3fd3c-cf80-4550-bee3-d951de798b4a
*** Element info: {Using=xpath, value=//*[contains(@text,&#039;Planned Monthly Contribution&#039;) and @resource-id=&#039;com.eygsskpoc.ey3po:id/txt_input_edit_assert&#039;]/../../following-sibling::*[@resource-id=&#039;com.eygsskpoc.ey3po:id/ll_annual_spending&#039;]/descendant::*[@resource-id=&#039;com.eygsskpoc.ey3po:id/label_legend&#039;]}">
      <![CDATA[org.openqa.selenium.NoSuchElementException: An element could not be located on the page using the given search parameters.
For documentation on this error, please visit: http://seleniumhq.org/exceptions/no_such_element.html
Build info: version: '3.13.0', revision: '2f0d292', time: '2018-06-25T15:24:21.231Z'
System info: host: 'IN2070121W2', ip: '10.180.138.118', os.name: 'Windows 10', os.arch: 'amd64', os.version: '10.0', java.version: '1.8.0_171'
Driver info: io.appium.java_client.android.AndroidDriver
Capabilities {appActivity: com.eygsskpoc.ey3po.activit..., appPackage: com.eygsskpoc.ey3po, databaseEnabled: false, desired: {appActivity: com.eygsskpoc.ey3po.activit..., appPackage: com.eygsskpoc.ey3po, deviceName: 92010457a0ce2315, noReset: true, platformName: android, resetKeyboard: true, unicodeKeyboard: true, version: 5.1.1}, deviceManufacturer: samsung, deviceModel: SM-J200G, deviceName: 92010457a0ce2315, deviceScreenSize: 540x960, deviceUDID: 92010457a0ce2315, javascriptEnabled: true, locationContextEnabled: false, networkConnectionEnabled: true, noReset: true, platform: LINUX, platformName: Android, platformVersion: 5.1.1, resetKeyboard: true, takesScreenshot: true, unicodeKeyboard: true, version: 5.1.1, warnings: {}, webStorageEnabled: false}
Session ID: f2f3fd3c-cf80-4550-bee3-d951de798b4a
*** Element info: {Using=xpath, value=//*[contains(@text,'Planned Monthly Contribution') and @resource-id='com.eygsskpoc.ey3po:id/txt_input_edit_assert']/../../following-sibling::*[@resource-id='com.eygsskpoc.ey3po:id/ll_annual_spending']/descendant::*[@resource-id='com.eygsskpoc.ey3po:id/label_legend']}
at sun.reflect.NativeConstructorAccessorImpl.newInstance0(Native Method)
at sun.reflect.NativeConstructorAccessorImpl.newInstance(NativeConstructorAccessorImpl.java:62)
at sun.reflect.DelegatingConstructorAccessorImpl.newInstance(DelegatingConstructorAccessorImpl.java:45)
at java.lang.reflect.Constructor.newInstance(Constructor.java:423)
at org.openqa.selenium.remote.http.W3CHttpResponseCodec.createException(W3CHttpResponseCodec.java:187)
at org.openqa.selenium.remote.http.W3CHttpResponseCodec.decode(W3CHttpResponseCodec.java:122)
at org.openqa.selenium.remote.http.W3CHttpResponseCodec.decode(W3CHttpResponseCodec.java:49)
at org.openqa.selenium.remote.HttpCommandExecutor.execute(HttpCommandExecutor.java:158)
at io.appium.java_client.remote.AppiumCommandExecutor.execute(AppiumCommandExecutor.java:231)
at org.openqa.selenium.remote.RemoteWebDriver.execute(RemoteWebDriver.java:548)
at io.appium.java_client.DefaultGenericMobileDriver.execute(DefaultGenericMobileDriver.java:42)
at io.appium.java_client.AppiumDriver.execute(AppiumDriver.java:1)
at io.appium.java_client.android.AndroidDriver.execute(AndroidDriver.java:1)
at org.openqa.selenium.remote.RemoteWebDriver.findElement(RemoteWebDriver.java:322)
at io.appium.java_client.DefaultGenericMobileDriver.findElement(DefaultGenericMobileDriver.java:62)
at io.appium.java_client.AppiumDriver.findElement(AppiumDriver.java:1)
at io.appium.java_client.android.AndroidDriver.findElement(AndroidDriver.java:1)
at org.openqa.selenium.remote.RemoteWebDriver.findElementByXPath(RemoteWebDriver.java:424)
at io.appium.java_client.DefaultGenericMobileDriver.findElementByXPath(DefaultGenericMobileDriver.java:152)
at io.appium.java_client.AppiumDriver.findElementByXPath(AppiumDriver.java:1)
at io.appium.java_client.android.AndroidDriver.findElementByXPath(AndroidDriver.java:1)
at org.openqa.selenium.By$ByXPath.findElement(By.java:353)
at org.openqa.selenium.remote.RemoteWebDriver.findElement(RemoteWebDriver.java:314)
at io.appium.java_client.DefaultGenericMobileDriver.findElement(DefaultGenericMobileDriver.java:58)
at io.appium.java_client.AppiumDriver.findElement(AppiumDriver.java:1)
at io.appium.java_client.android.AndroidDriver.findElement(AndroidDriver.java:1)
at com.ey.test3po.pages.RetirementGoalInvSuggestionsPage.getPageContentAfterClick(RetirementGoalInvSuggestionsPage.java:79)
at com.ey.test3po.pages.RetirementGoalInvSuggestionsPage.setMonthlyContribution(RetirementGoalInvSuggestionsPage.java:71)
at com.ey.test3po.userjourney.RetirementGoalUserSignUpJourneyLessThan55Test.retirementGoalAnnualSpending(RetirementGoalUserSignUpJourneyLessThan55Test.java:136)
at sun.reflect.NativeMethodAccessorImpl.invoke0(Native Method)
at sun.reflect.NativeMethodAccessorImpl.invoke(NativeMethodAccessorImpl.java:62)
at sun.reflect.DelegatingMethodAccessorImpl.invoke(DelegatingMethodAccessorImpl.java:43)
at java.lang.reflect.Method.invoke(Method.java:498)
at org.testng.internal.MethodInvocationHelper.invokeMethod(MethodInvocationHelper.java:124)
at org.testng.internal.Invoker.invokeMethod(Invoker.java:580)
at org.testng.internal.Invoker.invokeTestMethod(Invoker.java:716)
at org.testng.internal.Invoker.invokeTestMethods(Invoker.java:988)
at org.testng.internal.TestMethodWorker.invokeTestMethods(TestMethodWorker.java:125)
at org.testng.internal.TestMethodWorker.run(TestMethodWorker.java:109)
at org.testng.TestRunner.privateRun(TestRunner.java:648)
at org.testng.TestRunner.run(TestRunner.java:505)
at org.testng.SuiteRunner.runTest(SuiteRunner.java:455)
at org.testng.SuiteRunner.runSequentially(SuiteRunner.java:450)
at org.testng.SuiteRunner.privateRun(SuiteRunner.java:415)
at org.testng.SuiteRunner.run(SuiteRunner.java:364)
at org.testng.SuiteRunnerWorker.runSuite(SuiteRunnerWorker.java:52)
at org.testng.SuiteRunnerWorker.run(SuiteRunnerWorker.java:84)
at org.testng.TestNG.runSuitesSequentially(TestNG.java:1208)
at org.testng.TestNG.runSuitesLocally(TestNG.java:1137)
at org.testng.TestNG.runSuites(TestNG.java:1049)
at org.testng.TestNG.run(TestNG.java:1017)
at org.testng.remote.AbstractRemoteTestNG.run(AbstractRemoteTestNG.java:114)
at org.testng.remote.RemoteTestNG.initAndRun(RemoteTestNG.java:251)
at org.testng.remote.RemoteTestNG.main(RemoteTestNG.java:77)
]]>
    </error>
  </testcase> <!-- retirementGoalAnnualSpending -->
</testsuite> <!-- com.ey.test3po.userjourney.RetirementGoalUserSignUpJourneyLessThan55Test -->
