<?xml version="1.0" encoding="UTF-8"?>
<!-- Generated by org.testng.reporters.JUnitReportReporter -->
<testsuite skipped="0" hostname="IN2070121W2" name="com.ey.test3po.testcases.positivepagelevelcases.OtherGaolsPlannedDelayInGoalPageTest" tests="8" failures="0" timestamp="27 Jul 2018 04:38:10 GMT" time="131.997" errors="0">
  <testcase name="getUserScreen" time="31.876" classname="com.ey.test3po.testcases.positivepagelevelcases.OtherGaolsPlannedDelayInGoalPageTest"/>
  <testcase name="getGoalScreen" time="5.048" classname="com.ey.test3po.testcases.positivepagelevelcases.OtherGaolsPlannedDelayInGoalPageTest"/>
  <testcase name="setGoalQuestionnaire" time="26.587" classname="com.ey.test3po.testcases.positivepagelevelcases.OtherGaolsPlannedDelayInGoalPageTest"/>
  <testcase name="setGoalImportance" time="4.964" classname="com.ey.test3po.testcases.positivepagelevelcases.OtherGaolsPlannedDelayInGoalPageTest"/>
  <testcase name="setPlannedMonthlyContribution" time="21.706" classname="com.ey.test3po.testcases.positivepagelevelcases.OtherGaolsPlannedDelayInGoalPageTest"/>
  <testcase name="setPlannedMonthlyinv" time="29.743" classname="com.ey.test3po.testcases.positivepagelevelcases.OtherGaolsPlannedDelayInGoalPageTest"/>
  <testcase name="verifyScreenContent" time="2.738" classname="com.ey.test3po.testcases.positivepagelevelcases.OtherGaolsPlannedDelayInGoalPageTest"/>
  <testcase name="setDelayInGoal" time="9.335" classname="com.ey.test3po.testcases.positivepagelevelcases.OtherGaolsPlannedDelayInGoalPageTest"/>
</testsuite> <!-- com.ey.test3po.testcases.positivepagelevelcases.OtherGaolsPlannedDelayInGoalPageTest -->
