<?xml version="1.0" encoding="UTF-8"?>
<!-- Generated by org.testng.reporters.JUnitReportReporter -->
<testsuite skipped="0" hostname="IN2070121W2" name="com.ey.test3po.pagelevel.OtherGoalsPlannedInvPageTest" tests="1" failures="0" timestamp="31 Jul 2018 07:13:26 GMT" time="218.469" errors="0">
  <testcase name="otherGoalsPlannedInv" time="218.469" classname="com.ey.test3po.pagelevel.OtherGoalsPlannedInvPageTest"/>
</testsuite> <!-- com.ey.test3po.pagelevel.OtherGoalsPlannedInvPageTest -->
