<?xml version="1.0" encoding="UTF-8"?>
<!-- Generated by org.testng.reporters.JUnitReportReporter -->
<testsuite skipped="0" hostname="IN2070121W2" name="com.ey.test3po.userjourney.EducationGoalUserSignUpJourneyLessThan55Test" tests="5" failures="0" timestamp="22 Aug 2018 13:59:25 GMT" time="1269.983" errors="0">
  <testcase name="educationGoalLessThan55" time="256.762" classname="com.ey.test3po.userjourney.EducationGoalUserSignUpJourneyLessThan55Test"/>
  <testcase name="educationGoalLessThan55" time="231.403" classname="com.ey.test3po.userjourney.EducationGoalUserSignUpJourneyLessThan55Test"/>
  <testcase name="educationGoalLessThan55" time="358.215" classname="com.ey.test3po.userjourney.EducationGoalUserSignUpJourneyLessThan55Test"/>
  <testcase name="educationGoalLessThan55" time="198.152" classname="com.ey.test3po.userjourney.EducationGoalUserSignUpJourneyLessThan55Test"/>
  <testcase name="educationGoalLessThan55" time="225.451" classname="com.ey.test3po.userjourney.EducationGoalUserSignUpJourneyLessThan55Test"/>
</testsuite> <!-- com.ey.test3po.userjourney.EducationGoalUserSignUpJourneyLessThan55Test -->
