<?xml version="1.0" encoding="UTF-8"?>
<!-- Generated by org.testng.reporters.JUnitReportReporter -->
<testsuite skipped="0" hostname="IN2070121W2" name="com.ey.test3po.testcases.positivepagelevelcases.UserProfilePageTest" tests="2" failures="0" timestamp="28 Jul 2018 09:04:04 GMT" time="32.198" errors="0">
  <testcase name="verifyScreenContent" time="3.190" classname="com.ey.test3po.testcases.positivepagelevelcases.UserProfilePageTest"/>
  <testcase name="setUserprofile" time="29.008" classname="com.ey.test3po.testcases.positivepagelevelcases.UserProfilePageTest"/>
</testsuite> <!-- com.ey.test3po.testcases.positivepagelevelcases.UserProfilePageTest -->
