<?xml version="1.0" encoding="UTF-8"?>
<!-- Generated by org.testng.reporters.JUnitReportReporter -->
<testsuite skipped="0" hostname="IN2070121W2" name="com.ey.test3po.testcases.positivepagelevelcases.EmergencyFundPlannedInvPageTest" tests="5" failures="0" timestamp="26 Jul 2018 15:59:07 GMT" time="89.371" errors="0">
  <testcase name="getUserScreen" time="31.890" classname="com.ey.test3po.testcases.positivepagelevelcases.EmergencyFundPlannedInvPageTest"/>
  <testcase name="getGoalScreen" time="4.742" classname="com.ey.test3po.testcases.positivepagelevelcases.EmergencyFundPlannedInvPageTest"/>
  <testcase name="setGoalQuestionnaire" time="21.643" classname="com.ey.test3po.testcases.positivepagelevelcases.EmergencyFundPlannedInvPageTest"/>
  <testcase name="verifyScreenContent" time="5.411" classname="com.ey.test3po.testcases.positivepagelevelcases.EmergencyFundPlannedInvPageTest"/>
  <testcase name="setPlannedMonthlyinv" time="25.685" classname="com.ey.test3po.testcases.positivepagelevelcases.EmergencyFundPlannedInvPageTest"/>
</testsuite> <!-- com.ey.test3po.testcases.positivepagelevelcases.EmergencyFundPlannedInvPageTest -->
