<?xml version="1.0" encoding="UTF-8"?>
<!-- Generated by org.testng.reporters.JUnitReportReporter -->
<testsuite skipped="0" hostname="IN2070121W2" name="com.ey.test3po.testcases.LandingPageTest" tests="1" failures="0" timestamp="06 Jul 2018 07:38:27 GMT" time="0.183" errors="0">
  <testcase name="landingPageLogoTest" time="0.183" classname="com.ey.test3po.testcases.LandingPageTest"/>
</testsuite> <!-- com.ey.test3po.testcases.LandingPageTest -->
