<?xml version="1.0" encoding="UTF-8"?>
<!-- Generated by org.testng.reporters.JUnitReportReporter -->
<testsuite skipped="0" hostname="IN2070121W2" name="com.ey.test3po.testcases.GoalJourneyTest" tests="5" failures="0" timestamp="06 Jul 2018 07:38:27 GMT" time="70.845" errors="0">
  <testcase name="getCurrentActityForQuestionnaireTest" time="0.439" classname="com.ey.test3po.testcases.GoalJourneyTest"/>
  <testcase name="fillQuestionnaireTest" time="36.960" classname="com.ey.test3po.testcases.GoalJourneyTest"/>
  <testcase name="selectGoal" time="0.001" classname="com.ey.test3po.testcases.GoalJourneyTest"/>
  <testcase name="goalJourneyTest" time="29.320" classname="com.ey.test3po.testcases.GoalJourneyTest"/>
  <testcase name="riskFactorTest" time="4.125" classname="com.ey.test3po.testcases.GoalJourneyTest"/>
</testsuite> <!-- com.ey.test3po.testcases.GoalJourneyTest -->
